2020-06-08 20:54:34,467:DEBUG:<class 'ValueError'>:("invalid literal for int() with base 8: '0b0'",)
2020-06-08 20:54:34,467:DEBUG:<class 'ValueError'>:("invalid literal for int() with base 10: '0b0'",)
2020-06-08 20:54:34,467:DEBUG:<class 'ValueError'>:("invalid literal for int() with base 2: '0o0'",)
2020-06-08 20:54:34,467:DEBUG:<class 'ValueError'>:("invalid literal for int() with base 10: '0o0'",)
2020-06-08 20:54:34,468:DEBUG:<class 'ValueError'>:("invalid literal for int() with base 16: '0o0'",)
2020-06-08 20:54:34,468:DEBUG:<class 'TypeError'>:("int() can't convert non-string with explicit base",)
2020-06-08 20:54:34,468:DEBUG:<class 'TypeError'>:("int() can't convert non-string with explicit base",)
2020-06-08 20:54:34,468:DEBUG:<class 'TypeError'>:("int() can't convert non-string with explicit base",)
2020-06-08 20:54:34,468:DEBUG:<class 'ValueError'>:("invalid literal for int() with base 2: '0x0'",)
2020-06-08 20:54:34,468:DEBUG:<class 'ValueError'>:("invalid literal for int() with base 8: '0x0'",)
2020-06-08 20:54:34,469:DEBUG:<class 'ValueError'>:("invalid literal for int() with base 10: '0x0'",)
2020-06-08 20:54:34,469:DEBUG:<class 'TypeError'>:("int() can't convert non-string with explicit base",)
2020-06-08 20:54:34,469:DEBUG:<class 'TypeError'>:("int() can't convert non-string with explicit base",)
2020-06-08 20:54:34,469:DEBUG:<class 'TypeError'>:("int() can't convert non-string with explicit base",)
2020-06-08 20:54:34,469:DEBUG:<class 'TypeError'>:("int() can't convert non-string with explicit base",)
2020-06-08 20:54:34,469:DEBUG:<class 'TypeError'>:("int() can't convert non-string with explicit base",)
2020-06-08 20:54:34,470:DEBUG:<class 'TypeError'>:("int() can't convert non-string with explicit base",)
2020-06-08 20:54:34,470:DEBUG:<class 'TypeError'>:("int() can't convert non-string with explicit base",)
2020-06-08 20:54:34,473:DEBUG:<class 'TypeError'>:("int() can't convert non-string with explicit base",)
2020-06-08 20:54:34,475:DEBUG:<class 'TypeError'>:("int() can't convert non-string with explicit base",)
2020-06-08 20:54:34,475:DEBUG:<class 'TypeError'>:("int() can't convert non-string with explicit base",)
2020-06-08 20:54:34,475:DEBUG:<class 'TypeError'>:("int() can't convert non-string with explicit base",)
2020-06-08 20:54:34,476:DEBUG:<class 'TypeError'>:("int() can't convert non-string with explicit base",)
2020-06-08 20:55:50,314:INFO:/Users/jimburer/Git/cryptography/encoding/encoding.py changed, reloading.
2020-06-08 20:55:50,315:DEBUG:Using selector: KqueueSelector
2020-06-08 20:55:51,530:DEBUG:<class 'ValueError'>:("invalid literal for int() with base 8: '0b0'",)
2020-06-08 20:55:51,530:DEBUG:<class 'ValueError'>:("invalid literal for int() with base 10: '0b0'",)
2020-06-08 20:55:51,530:DEBUG:<class 'ValueError'>:("invalid literal for int() with base 2: '0o0'",)
2020-06-08 20:55:51,530:DEBUG:<class 'ValueError'>:("invalid literal for int() with base 10: '0o0'",)
2020-06-08 20:55:51,530:DEBUG:<class 'ValueError'>:("invalid literal for int() with base 16: '0o0'",)
2020-06-08 20:55:51,530:DEBUG:<class 'TypeError'>:("int() can't convert non-string with explicit base",)
2020-06-08 20:55:51,531:DEBUG:<class 'TypeError'>:("int() can't convert non-string with explicit base",)
2020-06-08 20:55:51,531:DEBUG:<class 'TypeError'>:("int() can't convert non-string with explicit base",)
2020-06-08 20:55:51,531:DEBUG:<class 'ValueError'>:("invalid literal for int() with base 2: '0x0'",)
2020-06-08 20:55:51,531:DEBUG:<class 'ValueError'>:("invalid literal for int() with base 8: '0x0'",)
2020-06-08 20:55:51,531:DEBUG:<class 'ValueError'>:("invalid literal for int() with base 10: '0x0'",)
2020-06-08 20:55:51,531:DEBUG:<class 'TypeError'>:("int() can't convert non-string with explicit base",)
2020-06-08 20:55:51,531:DEBUG:<class 'TypeError'>:("int() can't convert non-string with explicit base",)
2020-06-08 20:55:51,532:DEBUG:<class 'TypeError'>:("int() can't convert non-string with explicit base",)
2020-06-08 20:55:51,532:DEBUG:<class 'TypeError'>:("int() can't convert non-string with explicit base",)
2020-06-08 20:55:51,532:DEBUG:<class 'TypeError'>:("int() can't convert non-string with explicit base",)
2020-06-08 20:55:51,532:DEBUG:<class 'TypeError'>:("int() can't convert non-string with explicit base",)
2020-06-08 20:55:51,532:DEBUG:<class 'TypeError'>:("int() can't convert non-string with explicit base",)
2020-06-08 20:55:51,532:DEBUG:<class 'TypeError'>:("int() can't convert non-string with explicit base",)
2020-06-08 20:55:51,532:DEBUG:<class 'TypeError'>:("int() can't convert non-string with explicit base",)
2020-06-08 20:55:51,532:DEBUG:<class 'TypeError'>:("int() can't convert non-string with explicit base",)
2020-06-08 20:55:51,533:DEBUG:<class 'TypeError'>:("int() can't convert non-string with explicit base",)
2020-06-08 20:55:51,533:DEBUG:<class 'TypeError'>:("int() can't convert non-string with explicit base",)
2020-06-08 20:57:05,108:DEBUG:<class 'ValueError'>:("invalid literal for int() with base 2: '1234'",)
2020-06-08 21:00:43,315:INFO:/Users/jimburer/Git/cryptography/conversioning/int_conversion.py changed, reloading.
2020-06-08 21:00:43,316:DEBUG:Using selector: KqueueSelector
2020-06-08 21:00:44,690:DEBUG:<class 'ValueError'>:("invalid literal for int() with base 8: '0b0'",)
2020-06-08 21:00:44,691:DEBUG:<class 'ValueError'>:("invalid literal for int() with base 10: '0b0'",)
2020-06-08 21:00:44,691:DEBUG:<class 'ValueError'>:("invalid literal for int() with base 2: '0o0'",)
2020-06-08 21:00:44,691:DEBUG:<class 'ValueError'>:("invalid literal for int() with base 10: '0o0'",)
2020-06-08 21:00:44,691:DEBUG:<class 'ValueError'>:("invalid literal for int() with base 16: '0o0'",)
2020-06-08 21:00:44,691:DEBUG:<class 'TypeError'>:("int() can't convert non-string with explicit base",)
2020-06-08 21:00:44,691:DEBUG:<class 'TypeError'>:("int() can't convert non-string with explicit base",)
2020-06-08 21:00:44,691:DEBUG:<class 'TypeError'>:("int() can't convert non-string with explicit base",)
2020-06-08 21:00:44,692:DEBUG:<class 'ValueError'>:("invalid literal for int() with base 2: '0x0'",)
2020-06-08 21:00:44,692:DEBUG:<class 'ValueError'>:("invalid literal for int() with base 8: '0x0'",)
2020-06-08 21:00:44,692:DEBUG:<class 'ValueError'>:("invalid literal for int() with base 10: '0x0'",)
2020-06-08 21:00:44,692:DEBUG:<class 'TypeError'>:("int() can't convert non-string with explicit base",)
2020-06-08 21:00:44,692:DEBUG:<class 'TypeError'>:("int() can't convert non-string with explicit base",)
2020-06-08 21:00:44,692:DEBUG:<class 'TypeError'>:("int() can't convert non-string with explicit base",)
2020-06-08 21:00:44,692:DEBUG:<class 'TypeError'>:("int() can't convert non-string with explicit base",)
2020-06-08 21:00:44,692:DEBUG:<class 'TypeError'>:("int() can't convert non-string with explicit base",)
2020-06-08 21:00:44,692:DEBUG:<class 'TypeError'>:("int() can't convert non-string with explicit base",)
2020-06-08 21:00:44,693:DEBUG:<class 'TypeError'>:("int() can't convert non-string with explicit base",)
2020-06-08 21:00:44,693:DEBUG:<class 'TypeError'>:("int() can't convert non-string with explicit base",)
2020-06-08 21:00:44,693:DEBUG:<class 'TypeError'>:("int() can't convert non-string with explicit base",)
2020-06-08 21:00:44,693:DEBUG:<class 'TypeError'>:("int() can't convert non-string with explicit base",)
2020-06-08 21:00:44,694:DEBUG:<class 'TypeError'>:("int() can't convert non-string with explicit base",)
2020-06-08 21:00:44,695:DEBUG:<class 'TypeError'>:("int() can't convert non-string with explicit base",)
2020-06-08 21:01:01,479:INFO:/Users/jimburer/Git/cryptography/conversioning/int_conversion.py changed, reloading.
2020-06-08 21:01:01,480:DEBUG:Using selector: KqueueSelector
2020-06-08 21:01:02,087:DEBUG:<class 'ValueError'>:("invalid literal for int() with base 8: '0b0'",)
2020-06-08 21:01:02,088:DEBUG:<class 'ValueError'>:("invalid literal for int() with base 10: '0b0'",)
2020-06-08 21:01:02,088:DEBUG:<class 'ValueError'>:("invalid literal for int() with base 2: '0o0'",)
2020-06-08 21:01:02,088:DEBUG:<class 'ValueError'>:("invalid literal for int() with base 10: '0o0'",)
2020-06-08 21:01:02,088:DEBUG:<class 'ValueError'>:("invalid literal for int() with base 16: '0o0'",)
2020-06-08 21:01:02,088:DEBUG:<class 'TypeError'>:("int() can't convert non-string with explicit base",)
2020-06-08 21:01:02,088:DEBUG:<class 'TypeError'>:("int() can't convert non-string with explicit base",)
2020-06-08 21:01:02,089:DEBUG:<class 'TypeError'>:("int() can't convert non-string with explicit base",)
2020-06-08 21:01:02,089:DEBUG:<class 'ValueError'>:("invalid literal for int() with base 2: '0x0'",)
2020-06-08 21:01:02,090:DEBUG:<class 'ValueError'>:("invalid literal for int() with base 8: '0x0'",)
2020-06-08 21:01:02,090:DEBUG:<class 'ValueError'>:("invalid literal for int() with base 10: '0x0'",)
2020-06-08 21:01:02,090:DEBUG:<class 'TypeError'>:("int() can't convert non-string with explicit base",)
2020-06-08 21:01:02,090:DEBUG:<class 'TypeError'>:("int() can't convert non-string with explicit base",)
2020-06-08 21:01:02,090:DEBUG:<class 'TypeError'>:("int() can't convert non-string with explicit base",)
2020-06-08 21:01:02,091:DEBUG:<class 'TypeError'>:("int() can't convert non-string with explicit base",)
2020-06-08 21:01:02,091:DEBUG:<class 'TypeError'>:("int() can't convert non-string with explicit base",)
2020-06-08 21:01:02,091:DEBUG:<class 'TypeError'>:("int() can't convert non-string with explicit base",)
2020-06-08 21:01:02,091:DEBUG:<class 'TypeError'>:("int() can't convert non-string with explicit base",)
2020-06-08 21:01:02,091:DEBUG:<class 'TypeError'>:("int() can't convert non-string with explicit base",)
2020-06-08 21:01:02,091:DEBUG:<class 'TypeError'>:("int() can't convert non-string with explicit base",)
2020-06-08 21:01:02,091:DEBUG:<class 'TypeError'>:("int() can't convert non-string with explicit base",)
2020-06-08 21:01:02,092:DEBUG:<class 'TypeError'>:("int() can't convert non-string with explicit base",)
2020-06-08 21:01:02,092:DEBUG:<class 'TypeError'>:("int() can't convert non-string with explicit base",)
2020-06-08 21:01:22,564:DEBUG:<class 'ValueError'>:("invalid literal for int() with base 2: '1234'",)
2020-06-08 21:02:53,974:DEBUG:<class 'ValueError'>:("invalid literal for int() with base 8: '0b0'",)
2020-06-08 21:02:53,975:DEBUG:<class 'ValueError'>:("invalid literal for int() with base 10: '0b0'",)
2020-06-08 21:02:53,976:DEBUG:<class 'ValueError'>:("invalid literal for int() with base 2: '0o0'",)
2020-06-08 21:02:53,976:DEBUG:<class 'ValueError'>:("invalid literal for int() with base 10: '0o0'",)
2020-06-08 21:02:53,976:DEBUG:<class 'ValueError'>:("invalid literal for int() with base 16: '0o0'",)
2020-06-08 21:02:53,976:DEBUG:<class 'TypeError'>:("int() can't convert non-string with explicit base",)
2020-06-08 21:02:53,976:DEBUG:<class 'TypeError'>:("int() can't convert non-string with explicit base",)
2020-06-08 21:02:53,977:DEBUG:<class 'TypeError'>:("int() can't convert non-string with explicit base",)
2020-06-08 21:02:53,977:DEBUG:<class 'ValueError'>:("invalid literal for int() with base 2: '0x0'",)
2020-06-08 21:02:53,977:DEBUG:<class 'ValueError'>:("invalid literal for int() with base 8: '0x0'",)
2020-06-08 21:02:53,977:DEBUG:<class 'ValueError'>:("invalid literal for int() with base 10: '0x0'",)
2020-06-08 21:02:53,977:DEBUG:<class 'TypeError'>:("int() can't convert non-string with explicit base",)
2020-06-08 21:02:53,978:DEBUG:<class 'TypeError'>:("int() can't convert non-string with explicit base",)
2020-06-08 21:02:53,978:DEBUG:<class 'TypeError'>:("int() can't convert non-string with explicit base",)
2020-06-08 21:02:53,978:DEBUG:<class 'TypeError'>:("int() can't convert non-string with explicit base",)
2020-06-08 21:02:53,978:DEBUG:<class 'TypeError'>:("int() can't convert non-string with explicit base",)
2020-06-08 21:02:53,978:DEBUG:<class 'TypeError'>:("int() can't convert non-string with explicit base",)
2020-06-08 21:02:53,979:DEBUG:<class 'TypeError'>:("int() can't convert non-string with explicit base",)
2020-06-08 21:02:53,979:DEBUG:<class 'TypeError'>:("int() can't convert non-string with explicit base",)
2020-06-08 21:02:53,979:DEBUG:<class 'TypeError'>:("int() can't convert non-string with explicit base",)
2020-06-08 21:02:53,979:DEBUG:<class 'TypeError'>:("int() can't convert non-string with explicit base",)
2020-06-08 21:02:53,979:DEBUG:<class 'TypeError'>:("int() can't convert non-string with explicit base",)
2020-06-08 21:02:53,979:DEBUG:<class 'TypeError'>:("int() can't convert non-string with explicit base",)
2020-06-08 21:03:49,896:DEBUG:<class 'ValueError'>:("invalid literal for int() with base 8: '0b0'",)
2020-06-08 21:03:49,900:DEBUG:<class 'ValueError'>:("invalid literal for int() with base 10: '0b0'",)
2020-06-08 21:03:49,908:DEBUG:<class 'ValueError'>:("invalid literal for int() with base 2: '0o0'",)
2020-06-08 21:03:49,908:DEBUG:<class 'ValueError'>:("invalid literal for int() with base 10: '0o0'",)
2020-06-08 21:03:49,909:DEBUG:<class 'ValueError'>:("invalid literal for int() with base 16: '0o0'",)
2020-06-08 21:03:49,912:DEBUG:<class 'TypeError'>:("int() can't convert non-string with explicit base",)
2020-06-08 21:03:49,912:DEBUG:<class 'TypeError'>:("int() can't convert non-string with explicit base",)
2020-06-08 21:03:49,913:DEBUG:<class 'TypeError'>:("int() can't convert non-string with explicit base",)
2020-06-08 21:03:49,913:DEBUG:<class 'ValueError'>:("invalid literal for int() with base 2: '0x0'",)
2020-06-08 21:03:49,914:DEBUG:<class 'ValueError'>:("invalid literal for int() with base 8: '0x0'",)
2020-06-08 21:03:49,915:DEBUG:<class 'ValueError'>:("invalid literal for int() with base 10: '0x0'",)
2020-06-08 21:03:49,917:DEBUG:<class 'TypeError'>:("int() can't convert non-string with explicit base",)
2020-06-08 21:03:49,919:DEBUG:<class 'TypeError'>:("int() can't convert non-string with explicit base",)
2020-06-08 21:03:49,920:DEBUG:<class 'TypeError'>:("int() can't convert non-string with explicit base",)
2020-06-08 21:03:49,921:DEBUG:<class 'TypeError'>:("int() can't convert non-string with explicit base",)
2020-06-08 21:03:49,922:DEBUG:<class 'TypeError'>:("int() can't convert non-string with explicit base",)
2020-06-08 21:03:49,923:DEBUG:<class 'TypeError'>:("int() can't convert non-string with explicit base",)
2020-06-08 21:03:49,924:DEBUG:<class 'TypeError'>:("int() can't convert non-string with explicit base",)
2020-06-08 21:03:49,925:DEBUG:<class 'TypeError'>:("int() can't convert non-string with explicit base",)
2020-06-08 21:03:49,925:DEBUG:<class 'TypeError'>:("int() can't convert non-string with explicit base",)
2020-06-08 21:03:49,927:DEBUG:<class 'TypeError'>:("int() can't convert non-string with explicit base",)
2020-06-08 21:03:49,928:DEBUG:<class 'TypeError'>:("int() can't convert non-string with explicit base",)
2020-06-08 21:03:49,929:DEBUG:<class 'TypeError'>:("int() can't convert non-string with explicit base",)
2020-06-08 21:04:39,237:DEBUG:<class 'ValueError'>:("invalid literal for int() with base 2: '1234'",)
2020-06-08 21:04:42,700:DEBUG:<class 'ValueError'>:("invalid literal for int() with base 2: '1234'",)
2020-06-08 21:05:01,816:DEBUG:Using selector: KqueueSelector
2020-06-08 21:05:20,634:DEBUG:<class 'ValueError'>:("invalid literal for int() with base 8: '0b0'",)
2020-06-08 21:05:20,635:DEBUG:<class 'ValueError'>:("invalid literal for int() with base 10: '0b0'",)
2020-06-08 21:05:20,635:DEBUG:<class 'ValueError'>:("invalid literal for int() with base 2: '0o0'",)
2020-06-08 21:05:20,635:DEBUG:<class 'ValueError'>:("invalid literal for int() with base 10: '0o0'",)
2020-06-08 21:05:20,635:DEBUG:<class 'ValueError'>:("invalid literal for int() with base 16: '0o0'",)
2020-06-08 21:05:20,635:DEBUG:<class 'TypeError'>:("int() can't convert non-string with explicit base",)
2020-06-08 21:05:20,635:DEBUG:<class 'TypeError'>:("int() can't convert non-string with explicit base",)
2020-06-08 21:05:20,635:DEBUG:<class 'TypeError'>:("int() can't convert non-string with explicit base",)
2020-06-08 21:05:20,635:DEBUG:<class 'ValueError'>:("invalid literal for int() with base 2: '0x0'",)
2020-06-08 21:05:20,636:DEBUG:<class 'ValueError'>:("invalid literal for int() with base 8: '0x0'",)
2020-06-08 21:05:20,636:DEBUG:<class 'ValueError'>:("invalid literal for int() with base 10: '0x0'",)
2020-06-08 21:05:20,636:DEBUG:<class 'TypeError'>:("int() can't convert non-string with explicit base",)
2020-06-08 21:05:20,636:DEBUG:<class 'TypeError'>:("int() can't convert non-string with explicit base",)
2020-06-08 21:05:20,636:DEBUG:<class 'TypeError'>:("int() can't convert non-string with explicit base",)
2020-06-08 21:05:20,636:DEBUG:<class 'TypeError'>:("int() can't convert non-string with explicit base",)
2020-06-08 21:05:20,636:DEBUG:<class 'TypeError'>:("int() can't convert non-string with explicit base",)
2020-06-08 21:05:20,636:DEBUG:<class 'TypeError'>:("int() can't convert non-string with explicit base",)
2020-06-08 21:05:20,636:DEBUG:<class 'TypeError'>:("int() can't convert non-string with explicit base",)
2020-06-08 21:05:20,636:DEBUG:<class 'TypeError'>:("int() can't convert non-string with explicit base",)
2020-06-08 21:05:20,636:DEBUG:<class 'TypeError'>:("int() can't convert non-string with explicit base",)
2020-06-08 21:05:20,637:DEBUG:<class 'TypeError'>:("int() can't convert non-string with explicit base",)
2020-06-08 21:05:20,637:DEBUG:<class 'TypeError'>:("int() can't convert non-string with explicit base",)
2020-06-08 21:05:20,637:DEBUG:<class 'TypeError'>:("int() can't convert non-string with explicit base",)
2020-06-08 21:05:24,491:DEBUG:<class 'ValueError'>:("invalid literal for int() with base 2: '1234'",)
2020-06-08 21:05:42,596:DEBUG:<class 'ValueError'>:("invalid literal for int() with base 8: '0b0'",)
2020-06-08 21:05:42,598:DEBUG:<class 'ValueError'>:("invalid literal for int() with base 10: '0b0'",)
2020-06-08 21:05:42,598:DEBUG:<class 'ValueError'>:("invalid literal for int() with base 2: '0o0'",)
2020-06-08 21:05:42,598:DEBUG:<class 'ValueError'>:("invalid literal for int() with base 10: '0o0'",)
2020-06-08 21:05:42,599:DEBUG:<class 'ValueError'>:("invalid literal for int() with base 16: '0o0'",)
2020-06-08 21:05:42,600:DEBUG:<class 'TypeError'>:("int() can't convert non-string with explicit base",)
2020-06-08 21:05:42,600:DEBUG:<class 'TypeError'>:("int() can't convert non-string with explicit base",)
2020-06-08 21:05:42,600:DEBUG:<class 'TypeError'>:("int() can't convert non-string with explicit base",)
2020-06-08 21:05:42,601:DEBUG:<class 'ValueError'>:("invalid literal for int() with base 2: '0x0'",)
2020-06-08 21:05:42,601:DEBUG:<class 'ValueError'>:("invalid literal for int() with base 8: '0x0'",)
2020-06-08 21:05:42,601:DEBUG:<class 'ValueError'>:("invalid literal for int() with base 10: '0x0'",)
2020-06-08 21:05:42,602:DEBUG:<class 'TypeError'>:("int() can't convert non-string with explicit base",)
2020-06-08 21:05:42,602:DEBUG:<class 'TypeError'>:("int() can't convert non-string with explicit base",)
2020-06-08 21:05:42,602:DEBUG:<class 'TypeError'>:("int() can't convert non-string with explicit base",)
2020-06-08 21:05:42,602:DEBUG:<class 'TypeError'>:("int() can't convert non-string with explicit base",)
2020-06-08 21:05:42,603:DEBUG:<class 'TypeError'>:("int() can't convert non-string with explicit base",)
2020-06-08 21:05:42,603:DEBUG:<class 'TypeError'>:("int() can't convert non-string with explicit base",)
2020-06-08 21:05:42,603:DEBUG:<class 'TypeError'>:("int() can't convert non-string with explicit base",)
2020-06-08 21:05:42,604:DEBUG:<class 'TypeError'>:("int() can't convert non-string with explicit base",)
2020-06-08 21:05:42,604:DEBUG:<class 'TypeError'>:("int() can't convert non-string with explicit base",)
2020-06-08 21:05:42,604:DEBUG:<class 'TypeError'>:("int() can't convert non-string with explicit base",)
2020-06-08 21:05:42,604:DEBUG:<class 'TypeError'>:("int() can't convert non-string with explicit base",)
2020-06-08 21:05:42,605:DEBUG:<class 'TypeError'>:("int() can't convert non-string with explicit base",)
2020-06-08 21:16:36,320:INFO:/Users/jimburer/Git/cryptography/encoding/encoding.py changed, reloading.
2020-06-08 21:16:36,321:DEBUG:Using selector: KqueueSelector
2020-06-08 21:16:38,095:DEBUG:<class 'ValueError'>:("invalid literal for int() with base 8: '0b0'",)
2020-06-08 21:16:38,096:DEBUG:<class 'ValueError'>:("invalid literal for int() with base 10: '0b0'",)
2020-06-08 21:16:38,096:DEBUG:<class 'ValueError'>:("invalid literal for int() with base 2: '0o0'",)
2020-06-08 21:16:38,096:DEBUG:<class 'ValueError'>:("invalid literal for int() with base 10: '0o0'",)
2020-06-08 21:16:38,096:DEBUG:<class 'ValueError'>:("invalid literal for int() with base 16: '0o0'",)
2020-06-08 21:16:38,096:DEBUG:<class 'TypeError'>:("int() can't convert non-string with explicit base",)
2020-06-08 21:16:38,096:DEBUG:<class 'TypeError'>:("int() can't convert non-string with explicit base",)
2020-06-08 21:16:38,096:DEBUG:<class 'TypeError'>:("int() can't convert non-string with explicit base",)
2020-06-08 21:16:38,096:DEBUG:<class 'ValueError'>:("invalid literal for int() with base 2: '0x0'",)
2020-06-08 21:16:38,097:DEBUG:<class 'ValueError'>:("invalid literal for int() with base 8: '0x0'",)
2020-06-08 21:16:38,097:DEBUG:<class 'ValueError'>:("invalid literal for int() with base 10: '0x0'",)
2020-06-08 21:16:38,097:DEBUG:<class 'TypeError'>:("int() can't convert non-string with explicit base",)
2020-06-08 21:16:38,097:DEBUG:<class 'TypeError'>:("int() can't convert non-string with explicit base",)
2020-06-08 21:16:38,097:DEBUG:<class 'TypeError'>:("int() can't convert non-string with explicit base",)
2020-06-08 21:16:38,097:DEBUG:<class 'TypeError'>:("int() can't convert non-string with explicit base",)
2020-06-08 21:16:38,097:DEBUG:<class 'TypeError'>:("int() can't convert non-string with explicit base",)
2020-06-08 21:16:38,097:DEBUG:<class 'TypeError'>:("int() can't convert non-string with explicit base",)
2020-06-08 21:16:38,097:DEBUG:<class 'TypeError'>:("int() can't convert non-string with explicit base",)
2020-06-08 21:16:38,097:DEBUG:<class 'TypeError'>:("int() can't convert non-string with explicit base",)
2020-06-08 21:16:38,097:DEBUG:<class 'TypeError'>:("int() can't convert non-string with explicit base",)
2020-06-08 21:16:38,097:DEBUG:<class 'TypeError'>:("int() can't convert non-string with explicit base",)
2020-06-08 21:16:38,097:DEBUG:<class 'TypeError'>:("int() can't convert non-string with explicit base",)
2020-06-08 21:16:38,097:DEBUG:<class 'TypeError'>:("int() can't convert non-string with explicit base",)
2020-06-08 21:16:39,100:DEBUG:<class 'ValueError'>:("invalid literal for int() with base 8: '0b0'",)
2020-06-08 21:16:39,102:DEBUG:<class 'ValueError'>:("invalid literal for int() with base 10: '0b0'",)
2020-06-08 21:16:39,102:DEBUG:<class 'ValueError'>:("invalid literal for int() with base 2: '0o0'",)
2020-06-08 21:16:39,103:DEBUG:<class 'ValueError'>:("invalid literal for int() with base 10: '0o0'",)
2020-06-08 21:16:39,103:DEBUG:<class 'ValueError'>:("invalid literal for int() with base 16: '0o0'",)
2020-06-08 21:16:39,104:DEBUG:<class 'TypeError'>:("int() can't convert non-string with explicit base",)
2020-06-08 21:16:39,108:DEBUG:<class 'TypeError'>:("int() can't convert non-string with explicit base",)
2020-06-08 21:16:39,109:DEBUG:<class 'TypeError'>:("int() can't convert non-string with explicit base",)
2020-06-08 21:16:39,110:DEBUG:<class 'ValueError'>:("invalid literal for int() with base 2: '0x0'",)
2020-06-08 21:16:39,110:DEBUG:<class 'ValueError'>:("invalid literal for int() with base 8: '0x0'",)
2020-06-08 21:16:39,110:DEBUG:<class 'ValueError'>:("invalid literal for int() with base 10: '0x0'",)
2020-06-08 21:16:39,111:DEBUG:<class 'TypeError'>:("int() can't convert non-string with explicit base",)
2020-06-08 21:16:39,111:DEBUG:<class 'TypeError'>:("int() can't convert non-string with explicit base",)
2020-06-08 21:16:39,112:DEBUG:<class 'TypeError'>:("int() can't convert non-string with explicit base",)
2020-06-08 21:16:39,112:DEBUG:<class 'TypeError'>:("int() can't convert non-string with explicit base",)
2020-06-08 21:16:39,113:DEBUG:<class 'TypeError'>:("int() can't convert non-string with explicit base",)
2020-06-08 21:16:39,113:DEBUG:<class 'TypeError'>:("int() can't convert non-string with explicit base",)
2020-06-08 21:16:39,114:DEBUG:<class 'TypeError'>:("int() can't convert non-string with explicit base",)
2020-06-08 21:16:39,116:DEBUG:<class 'TypeError'>:("int() can't convert non-string with explicit base",)
2020-06-08 21:16:39,116:DEBUG:<class 'TypeError'>:("int() can't convert non-string with explicit base",)
2020-06-08 21:16:39,117:DEBUG:<class 'TypeError'>:("int() can't convert non-string with explicit base",)
2020-06-08 21:16:39,117:DEBUG:<class 'TypeError'>:("int() can't convert non-string with explicit base",)
2020-06-08 21:16:39,117:DEBUG:<class 'TypeError'>:("int() can't convert non-string with explicit base",)
2020-06-08 21:16:39,120:DEBUG:Using selector: KqueueSelector
2020-06-08 21:18:34,553:INFO:/Users/jimburer/Git/cryptography/encoding/encoding.py changed, reloading.
2020-06-08 21:18:34,554:DEBUG:Using selector: KqueueSelector
2020-06-08 21:18:35,629:DEBUG:<class 'ValueError'>:("invalid literal for int() with base 8: '0b0'",)
2020-06-08 21:18:35,629:DEBUG:<class 'ValueError'>:("invalid literal for int() with base 10: '0b0'",)
2020-06-08 21:18:35,629:DEBUG:<class 'ValueError'>:("invalid literal for int() with base 2: '0o0'",)
2020-06-08 21:18:35,629:DEBUG:<class 'ValueError'>:("invalid literal for int() with base 10: '0o0'",)
2020-06-08 21:18:35,629:DEBUG:<class 'ValueError'>:("invalid literal for int() with base 16: '0o0'",)
2020-06-08 21:18:35,629:DEBUG:<class 'TypeError'>:("int() can't convert non-string with explicit base",)
2020-06-08 21:18:35,629:DEBUG:<class 'TypeError'>:("int() can't convert non-string with explicit base",)
2020-06-08 21:18:35,630:DEBUG:<class 'TypeError'>:("int() can't convert non-string with explicit base",)
2020-06-08 21:18:35,630:DEBUG:<class 'ValueError'>:("invalid literal for int() with base 2: '0x0'",)
2020-06-08 21:18:35,630:DEBUG:<class 'ValueError'>:("invalid literal for int() with base 8: '0x0'",)
2020-06-08 21:18:35,630:DEBUG:<class 'ValueError'>:("invalid literal for int() with base 10: '0x0'",)
2020-06-08 21:18:35,630:DEBUG:<class 'TypeError'>:("int() can't convert non-string with explicit base",)
2020-06-08 21:18:35,630:DEBUG:<class 'TypeError'>:("int() can't convert non-string with explicit base",)
2020-06-08 21:18:35,630:DEBUG:<class 'TypeError'>:("int() can't convert non-string with explicit base",)
2020-06-08 21:18:35,630:DEBUG:<class 'TypeError'>:("int() can't convert non-string with explicit base",)
2020-06-08 21:18:35,630:DEBUG:<class 'TypeError'>:("int() can't convert non-string with explicit base",)
2020-06-08 21:18:35,630:DEBUG:<class 'TypeError'>:("int() can't convert non-string with explicit base",)
2020-06-08 21:18:35,630:DEBUG:<class 'TypeError'>:("int() can't convert non-string with explicit base",)
2020-06-08 21:18:35,630:DEBUG:<class 'TypeError'>:("int() can't convert non-string with explicit base",)
2020-06-08 21:18:35,630:DEBUG:<class 'TypeError'>:("int() can't convert non-string with explicit base",)
2020-06-08 21:18:35,631:DEBUG:<class 'TypeError'>:("int() can't convert non-string with explicit base",)
2020-06-08 21:18:35,631:DEBUG:<class 'TypeError'>:("int() can't convert non-string with explicit base",)
2020-06-08 21:18:35,631:DEBUG:<class 'TypeError'>:("int() can't convert non-string with explicit base",)
2020-06-08 21:18:36,388:DEBUG:<class 'ValueError'>:("invalid literal for int() with base 8: '0b0'",)
2020-06-08 21:18:36,390:DEBUG:<class 'ValueError'>:("invalid literal for int() with base 10: '0b0'",)
2020-06-08 21:18:36,392:DEBUG:<class 'ValueError'>:("invalid literal for int() with base 2: '0o0'",)
2020-06-08 21:18:36,392:DEBUG:<class 'ValueError'>:("invalid literal for int() with base 10: '0o0'",)
2020-06-08 21:18:36,393:DEBUG:<class 'ValueError'>:("invalid literal for int() with base 16: '0o0'",)
2020-06-08 21:18:36,393:DEBUG:<class 'TypeError'>:("int() can't convert non-string with explicit base",)
2020-06-08 21:18:36,395:DEBUG:<class 'TypeError'>:("int() can't convert non-string with explicit base",)
2020-06-08 21:18:36,396:DEBUG:<class 'TypeError'>:("int() can't convert non-string with explicit base",)
2020-06-08 21:18:36,396:DEBUG:<class 'ValueError'>:("invalid literal for int() with base 2: '0x0'",)
2020-06-08 21:18:36,396:DEBUG:<class 'ValueError'>:("invalid literal for int() with base 8: '0x0'",)
2020-06-08 21:18:36,397:DEBUG:<class 'ValueError'>:("invalid literal for int() with base 10: '0x0'",)
2020-06-08 21:18:36,397:DEBUG:<class 'TypeError'>:("int() can't convert non-string with explicit base",)
2020-06-08 21:18:36,397:DEBUG:<class 'TypeError'>:("int() can't convert non-string with explicit base",)
2020-06-08 21:18:36,398:DEBUG:<class 'TypeError'>:("int() can't convert non-string with explicit base",)
2020-06-08 21:18:36,399:DEBUG:<class 'TypeError'>:("int() can't convert non-string with explicit base",)
2020-06-08 21:18:36,399:DEBUG:<class 'TypeError'>:("int() can't convert non-string with explicit base",)
2020-06-08 21:18:36,399:DEBUG:<class 'TypeError'>:("int() can't convert non-string with explicit base",)
2020-06-08 21:18:36,400:DEBUG:<class 'TypeError'>:("int() can't convert non-string with explicit base",)
2020-06-08 21:18:36,400:DEBUG:<class 'TypeError'>:("int() can't convert non-string with explicit base",)
2020-06-08 21:18:36,400:DEBUG:<class 'TypeError'>:("int() can't convert non-string with explicit base",)
2020-06-08 21:18:36,400:DEBUG:<class 'TypeError'>:("int() can't convert non-string with explicit base",)
2020-06-08 21:18:36,401:DEBUG:<class 'TypeError'>:("int() can't convert non-string with explicit base",)
2020-06-08 21:18:36,401:DEBUG:<class 'TypeError'>:("int() can't convert non-string with explicit base",)
2020-06-08 21:18:36,573:DEBUG:Using selector: KqueueSelector
2020-06-08 21:18:46,086:DEBUG:Using selector: KqueueSelector
2020-06-08 21:18:56,965:DEBUG:<class 'ValueError'>:("invalid literal for int() with base 8: '0b0'",)
2020-06-08 21:18:56,968:DEBUG:<class 'ValueError'>:("invalid literal for int() with base 10: '0b0'",)
2020-06-08 21:18:56,968:DEBUG:<class 'ValueError'>:("invalid literal for int() with base 2: '0o0'",)
2020-06-08 21:18:56,969:DEBUG:<class 'ValueError'>:("invalid literal for int() with base 10: '0o0'",)
2020-06-08 21:18:56,969:DEBUG:<class 'ValueError'>:("invalid literal for int() with base 16: '0o0'",)
2020-06-08 21:18:56,969:DEBUG:<class 'TypeError'>:("int() can't convert non-string with explicit base",)
2020-06-08 21:18:56,970:DEBUG:<class 'TypeError'>:("int() can't convert non-string with explicit base",)
2020-06-08 21:18:56,970:DEBUG:<class 'TypeError'>:("int() can't convert non-string with explicit base",)
2020-06-08 21:18:56,971:DEBUG:<class 'ValueError'>:("invalid literal for int() with base 2: '0x0'",)
2020-06-08 21:18:56,972:DEBUG:<class 'ValueError'>:("invalid literal for int() with base 8: '0x0'",)
2020-06-08 21:18:56,972:DEBUG:<class 'ValueError'>:("invalid literal for int() with base 10: '0x0'",)
2020-06-08 21:18:56,973:DEBUG:<class 'TypeError'>:("int() can't convert non-string with explicit base",)
2020-06-08 21:18:56,973:DEBUG:<class 'TypeError'>:("int() can't convert non-string with explicit base",)
2020-06-08 21:18:56,974:DEBUG:<class 'TypeError'>:("int() can't convert non-string with explicit base",)
2020-06-08 21:18:56,974:DEBUG:<class 'TypeError'>:("int() can't convert non-string with explicit base",)
2020-06-08 21:18:56,975:DEBUG:<class 'TypeError'>:("int() can't convert non-string with explicit base",)
2020-06-08 21:18:56,976:DEBUG:<class 'TypeError'>:("int() can't convert non-string with explicit base",)
2020-06-08 21:18:56,976:DEBUG:<class 'TypeError'>:("int() can't convert non-string with explicit base",)
2020-06-08 21:18:56,976:DEBUG:<class 'TypeError'>:("int() can't convert non-string with explicit base",)
2020-06-08 21:18:56,977:DEBUG:<class 'TypeError'>:("int() can't convert non-string with explicit base",)
2020-06-08 21:18:56,977:DEBUG:<class 'TypeError'>:("int() can't convert non-string with explicit base",)
2020-06-08 21:18:56,978:DEBUG:<class 'TypeError'>:("int() can't convert non-string with explicit base",)
2020-06-08 21:18:56,978:DEBUG:<class 'TypeError'>:("int() can't convert non-string with explicit base",)
2020-06-08 21:18:57,178:DEBUG:Using selector: KqueueSelector
2020-06-08 21:20:18,645:DEBUG:<class 'ValueError'>:("invalid literal for int() with base 2: '1234'",)
2020-06-08 21:22:46,902:DEBUG:<class 'ValueError'>:("invalid literal for int() with base 2: '0o0'",)
2020-06-08 21:22:46,903:DEBUG:<class 'TypeError'>:("int() can't convert non-string with explicit base",)
2020-06-08 21:22:46,903:DEBUG:<class 'TypeError'>:("int() can't convert non-string with explicit base",)
2020-06-08 21:22:46,904:DEBUG:<class 'ValueError'>:("invalid literal for int() with base 2: '0x0'",)
2020-06-08 21:22:46,904:DEBUG:<class 'ValueError'>:("invalid literal for int() with base 8: '0x0'",)
2020-06-08 21:22:46,904:DEBUG:<class 'ValueError'>:("invalid literal for int() with base 10: '0x0'",)
2020-06-08 21:22:46,904:DEBUG:<class 'TypeError'>:("int() can't convert non-string with explicit base",)
2020-06-08 21:22:46,904:DEBUG:<class 'TypeError'>:("int() can't convert non-string with explicit base",)
2020-06-08 21:22:46,905:DEBUG:<class 'TypeError'>:("int() can't convert non-string with explicit base",)
2020-06-08 21:22:46,905:DEBUG:<class 'TypeError'>:("int() can't convert non-string with explicit base",)
2020-06-08 21:22:46,905:DEBUG:<class 'TypeError'>:("int() can't convert non-string with explicit base",)
2020-06-08 21:22:46,905:DEBUG:<class 'TypeError'>:("int() can't convert non-string with explicit base",)
2020-06-08 21:22:46,905:DEBUG:<class 'TypeError'>:("int() can't convert non-string with explicit base",)
2020-06-08 21:22:46,905:DEBUG:<class 'TypeError'>:("int() can't convert non-string with explicit base",)
2020-06-08 21:22:47,122:DEBUG:Using selector: KqueueSelector
2020-06-08 21:25:04,855:DEBUG:<class 'ValueError'>:("invalid literal for int() with base 2: '1234'",)
2020-06-08 21:25:50,224:DEBUG:<class 'ValueError'>:("invalid literal for int() with base 2: '0o0'",)
2020-06-08 21:25:50,230:DEBUG:<class 'TypeError'>:("int() can't convert non-string with explicit base",)
2020-06-08 21:25:50,231:DEBUG:<class 'TypeError'>:("int() can't convert non-string with explicit base",)
2020-06-08 21:25:50,231:DEBUG:<class 'ValueError'>:("invalid literal for int() with base 2: '0x0'",)
2020-06-08 21:25:50,232:DEBUG:<class 'ValueError'>:("invalid literal for int() with base 8: '0x0'",)
2020-06-08 21:25:50,232:DEBUG:<class 'ValueError'>:("invalid literal for int() with base 10: '0x0'",)
2020-06-08 21:25:50,232:DEBUG:<class 'TypeError'>:("int() can't convert non-string with explicit base",)
2020-06-08 21:25:50,232:DEBUG:<class 'TypeError'>:("int() can't convert non-string with explicit base",)
2020-06-08 21:25:50,233:DEBUG:<class 'TypeError'>:("int() can't convert non-string with explicit base",)
2020-06-08 21:25:50,233:DEBUG:<class 'TypeError'>:("int() can't convert non-string with explicit base",)
2020-06-08 21:25:50,233:DEBUG:<class 'TypeError'>:("int() can't convert non-string with explicit base",)
2020-06-08 21:25:50,233:DEBUG:<class 'TypeError'>:("int() can't convert non-string with explicit base",)
2020-06-08 21:25:50,234:DEBUG:<class 'TypeError'>:("int() can't convert non-string with explicit base",)
2020-06-08 21:25:50,234:DEBUG:<class 'TypeError'>:("int() can't convert non-string with explicit base",)
2020-06-08 21:25:50,448:DEBUG:Using selector: KqueueSelector
2020-06-08 21:26:31,765:DEBUG:<class 'ValueError'>:("invalid literal for int() with base 2: '1234'",)
2020-06-08 21:26:31,766:DEBUG:<class 'ValueError'>:("invalid literal for int() with base 2: '1234'",)
2020-06-08 21:26:56,862:DEBUG:<class 'ValueError'>:("invalid literal for int() with base 2: '0o0'",)
2020-06-08 21:26:56,863:DEBUG:<class 'TypeError'>:("int() can't convert non-string with explicit base",)
2020-06-08 21:26:56,863:DEBUG:<class 'TypeError'>:("int() can't convert non-string with explicit base",)
2020-06-08 21:26:56,864:DEBUG:<class 'ValueError'>:("invalid literal for int() with base 2: '0x0'",)
2020-06-08 21:26:56,864:DEBUG:<class 'ValueError'>:("invalid literal for int() with base 8: '0x0'",)
2020-06-08 21:26:56,864:DEBUG:<class 'ValueError'>:("invalid literal for int() with base 10: '0x0'",)
2020-06-08 21:26:56,864:DEBUG:<class 'TypeError'>:("int() can't convert non-string with explicit base",)
2020-06-08 21:26:56,865:DEBUG:<class 'TypeError'>:("int() can't convert non-string with explicit base",)
2020-06-08 21:26:56,865:DEBUG:<class 'TypeError'>:("int() can't convert non-string with explicit base",)
2020-06-08 21:26:56,865:DEBUG:<class 'TypeError'>:("int() can't convert non-string with explicit base",)
2020-06-08 21:26:56,865:DEBUG:<class 'TypeError'>:("int() can't convert non-string with explicit base",)
2020-06-08 21:26:56,866:DEBUG:<class 'TypeError'>:("int() can't convert non-string with explicit base",)
2020-06-08 21:26:56,866:DEBUG:<class 'TypeError'>:("int() can't convert non-string with explicit base",)
2020-06-08 21:26:56,866:DEBUG:<class 'TypeError'>:("int() can't convert non-string with explicit base",)
2020-06-08 21:26:57,075:DEBUG:Using selector: KqueueSelector
2020-06-08 21:27:31,633:DEBUG:<class 'ValueError'>:("invalid literal for int() with base 2: '1234'",)
2020-06-08 21:30:04,811:DEBUG:<class 'ValueError'>:("invalid literal for int() with base 8: '0b0'",)
2020-06-08 21:30:04,813:DEBUG:<class 'ValueError'>:("invalid literal for int() with base 10: '0b0'",)
2020-06-08 21:30:04,813:DEBUG:<class 'ValueError'>:("invalid literal for int() with base 2: '0o0'",)
2020-06-08 21:30:04,814:DEBUG:<class 'ValueError'>:("invalid literal for int() with base 10: '0o0'",)
2020-06-08 21:30:04,814:DEBUG:<class 'ValueError'>:("invalid literal for int() with base 16: '0o0'",)
2020-06-08 21:30:04,814:DEBUG:<class 'TypeError'>:("int() can't convert non-string with explicit base",)
2020-06-08 21:30:04,815:DEBUG:<class 'TypeError'>:("int() can't convert non-string with explicit base",)
2020-06-08 21:30:04,815:DEBUG:<class 'TypeError'>:("int() can't convert non-string with explicit base",)
2020-06-08 21:30:04,815:DEBUG:<class 'ValueError'>:("invalid literal for int() with base 2: '0x0'",)
2020-06-08 21:30:04,815:DEBUG:<class 'ValueError'>:("invalid literal for int() with base 8: '0x0'",)
2020-06-08 21:30:04,815:DEBUG:<class 'ValueError'>:("invalid literal for int() with base 10: '0x0'",)
2020-06-08 21:30:04,816:DEBUG:<class 'TypeError'>:("int() can't convert non-string with explicit base",)
2020-06-08 21:30:04,816:DEBUG:<class 'TypeError'>:("int() can't convert non-string with explicit base",)
2020-06-08 21:30:04,816:DEBUG:<class 'TypeError'>:("int() can't convert non-string with explicit base",)
2020-06-08 21:30:04,816:DEBUG:<class 'TypeError'>:("int() can't convert non-string with explicit base",)
2020-06-08 21:30:04,816:DEBUG:<class 'TypeError'>:("int() can't convert non-string with explicit base",)
2020-06-08 21:30:04,816:DEBUG:<class 'TypeError'>:("int() can't convert non-string with explicit base",)
2020-06-08 21:30:04,817:DEBUG:<class 'TypeError'>:("int() can't convert non-string with explicit base",)
2020-06-08 21:30:04,817:DEBUG:<class 'TypeError'>:("int() can't convert non-string with explicit base",)
2020-06-08 21:30:04,817:DEBUG:<class 'TypeError'>:("int() can't convert non-string with explicit base",)
2020-06-08 21:30:04,817:DEBUG:<class 'TypeError'>:("int() can't convert non-string with explicit base",)
2020-06-08 21:30:04,818:DEBUG:<class 'TypeError'>:("int() can't convert non-string with explicit base",)
2020-06-08 21:30:04,818:DEBUG:<class 'TypeError'>:("int() can't convert non-string with explicit base",)
2020-06-08 21:30:05,022:DEBUG:Using selector: KqueueSelector
2020-06-08 21:30:22,792:DEBUG:<class 'ValueError'>:("invalid literal for int() with base 2: '1234'",)
2020-06-08 21:33:20,873:DEBUG:<class 'ValueError'>:("invalid literal for int() with base 8: '0b0'",)
2020-06-08 21:33:20,875:DEBUG:<class 'ValueError'>:("invalid literal for int() with base 10: '0b0'",)
2020-06-08 21:33:20,875:DEBUG:<class 'ValueError'>:("invalid literal for int() with base 2: '0o0'",)
2020-06-08 21:33:20,876:DEBUG:<class 'ValueError'>:("invalid literal for int() with base 10: '0o0'",)
2020-06-08 21:33:20,876:DEBUG:<class 'ValueError'>:("invalid literal for int() with base 16: '0o0'",)
2020-06-08 21:33:20,877:DEBUG:<class 'TypeError'>:("int() can't convert non-string with explicit base",)
2020-06-08 21:33:20,877:DEBUG:<class 'TypeError'>:("int() can't convert non-string with explicit base",)
2020-06-08 21:33:20,878:DEBUG:<class 'TypeError'>:("int() can't convert non-string with explicit base",)
2020-06-08 21:33:20,878:DEBUG:<class 'ValueError'>:("invalid literal for int() with base 2: '0x0'",)
2020-06-08 21:33:20,878:DEBUG:<class 'ValueError'>:("invalid literal for int() with base 8: '0x0'",)
2020-06-08 21:33:20,878:DEBUG:<class 'ValueError'>:("invalid literal for int() with base 10: '0x0'",)
2020-06-08 21:33:20,879:DEBUG:<class 'TypeError'>:("int() can't convert non-string with explicit base",)
2020-06-08 21:33:20,879:DEBUG:<class 'TypeError'>:("int() can't convert non-string with explicit base",)
2020-06-08 21:33:20,879:DEBUG:<class 'TypeError'>:("int() can't convert non-string with explicit base",)
2020-06-08 21:33:20,879:DEBUG:<class 'TypeError'>:("int() can't convert non-string with explicit base",)
2020-06-08 21:33:20,880:DEBUG:<class 'TypeError'>:("int() can't convert non-string with explicit base",)
2020-06-08 21:33:20,880:DEBUG:<class 'TypeError'>:("int() can't convert non-string with explicit base",)
2020-06-08 21:33:20,881:DEBUG:<class 'TypeError'>:("int() can't convert non-string with explicit base",)
2020-06-08 21:33:20,881:DEBUG:<class 'TypeError'>:("int() can't convert non-string with explicit base",)
2020-06-08 21:33:20,881:DEBUG:<class 'TypeError'>:("int() can't convert non-string with explicit base",)
2020-06-08 21:33:20,882:DEBUG:<class 'TypeError'>:("int() can't convert non-string with explicit base",)
2020-06-08 21:33:20,882:DEBUG:<class 'TypeError'>:("int() can't convert non-string with explicit base",)
2020-06-08 21:33:20,882:DEBUG:<class 'TypeError'>:("int() can't convert non-string with explicit base",)
2020-06-08 21:33:21,068:DEBUG:Using selector: KqueueSelector
2020-06-08 21:33:55,371:DEBUG:<class 'ValueError'>:("invalid literal for int() with base 2: '1234'",)
2020-06-08 21:41:34,143:DEBUG:<class 'TypeError'>:("int() can't convert non-string with explicit base",)
2020-06-08 21:41:34,145:DEBUG:<class 'TypeError'>:("int() can't convert non-string with explicit base",)
2020-06-08 21:41:34,153:DEBUG:<class 'TypeError'>:("int() can't convert non-string with explicit base",)
2020-06-08 21:44:11,399:DEBUG:Using selector: KqueueSelector
2020-06-08 21:44:50,157:DEBUG:Using selector: KqueueSelector
2020-06-08 21:45:18,725:DEBUG:<class 'ValueError'>:("invalid literal for int() with base 2: '1234'",)
2020-06-08 21:48:55,263:DEBUG:<class 'ValueError'>:("invalid literal for int() with base 2: '1234'",)
2020-06-08 21:49:31,764:INFO:/Users/jimburer/Git/cryptography/conversioning/int_conversion.py changed, reloading.
2020-06-08 21:49:31,765:DEBUG:Using selector: KqueueSelector
2020-06-08 21:49:36,166:DEBUG:<class 'ValueError'>:("invalid literal for int() with base 2: '1234'",)
2020-06-08 21:50:26,939:INFO:/Users/jimburer/Git/cryptography/conversioning/int_conversion.py changed, reloading.
2020-06-08 21:50:26,941:DEBUG:Using selector: KqueueSelector
2020-06-08 21:50:31,707:DEBUG:Using selector: KqueueSelector
2020-06-08 21:50:40,634:DEBUG:Using selector: KqueueSelector
2020-06-09 13:14:24,546:DEBUG:Using selector: KqueueSelector
2020-06-09 13:14:42,738:WARNING:Not Found: /favicon.ico
2020-06-09 13:14:48,649:WARNING:Not Found: /1234
2020-06-09 13:14:58,800:DEBUG:<class 'ValueError'>:("invalid literal for int() with base 2: '1234'",)
2020-06-09 13:39:08,352:DEBUG:<class 'TypeError'>:("int() can't convert non-string with explicit base",)
2020-06-09 13:39:08,353:DEBUG:<class 'TypeError'>:("int() can't convert non-string with explicit base",)
2020-06-09 13:39:37,384:DEBUG:<class 'TypeError'>:("int() can't convert non-string with explicit base",)
2020-06-09 13:39:37,432:DEBUG:Using selector: KqueueSelector
2020-06-09 13:40:20,252:DEBUG:<class 'ValueError'>:("invalid literal for int() with base 2: '1234'",)
2020-06-09 13:49:03,211:DEBUG:<class 'TypeError'>:("int() can't convert non-string with explicit base",)
2020-06-09 13:49:03,212:DEBUG:<class 'TypeError'>:("int() can't convert non-string with explicit base",)
2020-06-09 13:49:15,739:DEBUG:<class 'TypeError'>:("int() can't convert non-string with explicit base",)
2020-06-09 13:50:04,499:DEBUG:<class 'TypeError'>:("int() can't convert non-string with explicit base",)
2020-06-09 13:50:04,499:DEBUG:<class 'TypeError'>:("int() can't convert non-string with explicit base",)
2020-06-09 13:50:04,500:DEBUG:<class 'TypeError'>:("int() can't convert non-string with explicit base",)
2020-06-09 13:51:08,131:DEBUG:<class 'TypeError'>:("int() can't convert non-string with explicit base",)
2020-06-09 13:51:08,131:DEBUG:<class 'TypeError'>:("int() can't convert non-string with explicit base",)
2020-06-09 13:51:08,131:DEBUG:<class 'TypeError'>:("int() can't convert non-string with explicit base",)
2020-06-09 13:51:15,288:DEBUG:<class 'TypeError'>:("int() can't convert non-string with explicit base",)
2020-06-09 13:51:15,288:DEBUG:<class 'TypeError'>:("int() can't convert non-string with explicit base",)
2020-06-09 13:51:15,288:DEBUG:<class 'TypeError'>:("int() can't convert non-string with explicit base",)
2020-06-09 14:04:54,393:INFO:/Users/jimburer/GitHub/cryptography/conversioning/int_conversion.py changed, reloading.
2020-06-09 14:04:54,393:DEBUG:Using selector: KqueueSelector
2020-06-09 14:04:59,507:DEBUG:Using selector: KqueueSelector
2020-06-09 14:12:14,622:DEBUG:Using selector: KqueueSelector
2020-06-09 14:13:59,607:DEBUG:<class 'TypeError'>:("int() can't convert non-string with explicit base",)
2020-06-09 14:14:20,537:DEBUG:<class 'TypeError'>:("int() can't convert non-string with explicit base",)
2020-06-09 14:14:33,971:DEBUG:<class 'TypeError'>:("int() can't convert non-string with explicit base",)
2020-06-09 14:16:45,948:DEBUG:Using selector: KqueueSelector
2020-06-09 14:17:10,476:DEBUG:<class 'ValueError'>:("invalid literal for int() with base 2: '1234'",)
2020-06-09 14:18:10,066:DEBUG:<class 'ValueError'>:("invalid literal for int() with base 2: '1234'",)
2020-06-09 14:18:38,967:DEBUG:Using selector: KqueueSelector
2020-06-09 14:23:25,329:DEBUG:<class 'ValueError'>:("invalid literal for int() with base 2: '1234'",)
2020-06-09 14:26:42,442:DEBUG:Using selector: KqueueSelector
2020-06-09 14:29:49,833:DEBUG:Using selector: KqueueSelector
2020-06-09 14:30:51,671:DEBUG:Using selector: KqueueSelector
2020-06-09 14:31:08,640:DEBUG:<class 'ValueError'>:("invalid literal for int() with base 2: '1234'",)
2020-06-09 14:33:49,299:DEBUG:Using selector: KqueueSelector
2020-06-09 14:33:57,455:DEBUG:<class 'ValueError'>:("invalid literal for int() with base 2: '1234'",)
2020-06-09 14:35:01,946:DEBUG:Using selector: KqueueSelector
2020-06-09 14:35:06,995:DEBUG:<class 'ValueError'>:("invalid literal for int() with base 2: '1234'",)
2020-06-09 14:38:15,291:DEBUG:<class 'ValueError'>:("invalid literal for int() with base 2: '1234'",)
2020-06-09 14:43:54,720:INFO:/Users/jimburer/GitHub/cryptography/conversioning/int_conversion.py changed, reloading.
2020-06-09 14:43:54,721:DEBUG:Using selector: KqueueSelector
2020-06-09 14:44:04,886:DEBUG:<class 'ValueError'>:("invalid literal for int() with base 2: '1234'",)
2020-06-09 14:44:04,920:ERROR:Internal Server Error: /crypto/1234
Traceback (most recent call last):
  File "/Users/jimburer/GitHub/cryptography/.venv/lib/python3.8/site-packages/django/core/handlers/exception.py", line 34, in inner
    response = get_response(request)
  File "/Users/jimburer/GitHub/cryptography/.venv/lib/python3.8/site-packages/django/core/handlers/base.py", line 115, in _get_response
    response = self.process_exception_by_middleware(e, request)
  File "/Users/jimburer/GitHub/cryptography/.venv/lib/python3.8/site-packages/django/core/handlers/base.py", line 113, in _get_response
    response = wrapped_callback(request, *callback_args, **callback_kwargs)
  File "/Users/jimburer/GitHub/cryptography/crypto/views.py", line 12, in encode
    encoded_object = encoding.encode_object(data)
  File "/Users/jimburer/GitHub/cryptography/encoding/encoding.py", line 11, in encode_object
    endcoded_objects.append(int_conversion.is_base(int(data_in)))
  File "/Users/jimburer/GitHub/cryptography/conversioning/int_conversion.py", line 73, in is_base
    numbers.append(str(number) + " as binary is " + number_as_bin + " and is " + number_as_bin_size + " bytes")
TypeError: can only concatenate str (not "int") to str
2020-06-09 14:44:55,235:INFO:/Users/jimburer/GitHub/cryptography/conversioning/int_conversion.py changed, reloading.
2020-06-09 14:44:55,236:DEBUG:Using selector: KqueueSelector
2020-06-09 14:44:58,531:DEBUG:<class 'ValueError'>:("invalid literal for int() with base 2: '1234'",)
2020-06-09 14:45:28,979:INFO:/Users/jimburer/GitHub/cryptography/conversioning/int_conversion.py changed, reloading.
2020-06-09 14:45:28,979:DEBUG:Using selector: KqueueSelector
2020-06-09 14:47:21,924:DEBUG:<class 'ValueError'>:("invalid literal for int() with base 2: '1234'",)
2020-06-09 14:49:14,005:INFO:/Users/jimburer/GitHub/cryptography/conversioning/int_conversion.py changed, reloading.
2020-06-09 14:49:14,005:DEBUG:Using selector: KqueueSelector
2020-06-09 14:51:40,920:INFO:/Users/jimburer/GitHub/cryptography/encoding/encoding.py changed, reloading.
2020-06-09 14:51:40,920:DEBUG:Using selector: KqueueSelector
2020-06-09 14:51:44,391:DEBUG:<class 'ValueError'>:("invalid literal for int() with base 2: '1234'",)
2020-06-09 15:02:12,525:INFO:/Users/jimburer/GitHub/cryptography/crypto/views.py changed, reloading.
2020-06-09 15:02:12,525:DEBUG:Using selector: KqueueSelector
2020-06-09 15:02:16,642:DEBUG:<class 'ValueError'>:("invalid literal for int() with base 2: '1234'",)
2020-06-09 15:02:32,505:INFO:/Users/jimburer/GitHub/cryptography/encoding/encoding.py changed, reloading.
2020-06-09 15:02:32,505:DEBUG:Using selector: KqueueSelector
2020-06-09 15:02:35,188:DEBUG:<class 'ValueError'>:("invalid literal for int() with base 2: '1234'",)
2020-06-09 15:05:29,711:INFO:/Users/jimburer/GitHub/cryptography/conversioning/int_conversion.py changed, reloading.
2020-06-09 15:05:29,712:DEBUG:Using selector: KqueueSelector
2020-06-09 15:06:19,626:INFO:/Users/jimburer/GitHub/cryptography/conversioning/int_conversion.py changed, reloading.
2020-06-09 15:06:19,627:DEBUG:Using selector: KqueueSelector
2020-06-09 15:06:26,542:DEBUG:<class 'ValueError'>:("invalid literal for int() with base 2: '1234'",)
2020-06-09 15:06:26,578:ERROR:Internal Server Error: /crypto/1234
Traceback (most recent call last):
  File "/Users/jimburer/GitHub/cryptography/.venv/lib/python3.8/site-packages/django/core/handlers/exception.py", line 34, in inner
    response = get_response(request)
  File "/Users/jimburer/GitHub/cryptography/.venv/lib/python3.8/site-packages/django/core/handlers/base.py", line 115, in _get_response
    response = self.process_exception_by_middleware(e, request)
  File "/Users/jimburer/GitHub/cryptography/.venv/lib/python3.8/site-packages/django/core/handlers/base.py", line 113, in _get_response
    response = wrapped_callback(request, *callback_args, **callback_kwargs)
  File "/Users/jimburer/GitHub/cryptography/crypto/views.py", line 12, in encode
    encoded_object = encoding.encode_object(data)
  File "/Users/jimburer/GitHub/cryptography/encoding/encoding.py", line 15, in encode_object
    as_numbers = int_conversion.is_base(int(data_in))
  File "/Users/jimburer/GitHub/cryptography/conversioning/int_conversion.py", line 45, in is_base
    number_as_bytes = int.to_bytes(number, 'big')
TypeError: to_bytes() missing required argument 'byteorder' (pos 2)
2020-06-09 15:07:50,141:INFO:/Users/jimburer/GitHub/cryptography/conversioning/int_conversion.py changed, reloading.
2020-06-09 15:07:50,142:DEBUG:Using selector: KqueueSelector
2020-06-09 15:07:55,707:DEBUG:<class 'ValueError'>:("invalid literal for int() with base 2: '1234'",)
2020-06-09 15:07:55,736:ERROR:Internal Server Error: /crypto/1234
Traceback (most recent call last):
  File "/Users/jimburer/GitHub/cryptography/.venv/lib/python3.8/site-packages/django/core/handlers/exception.py", line 34, in inner
    response = get_response(request)
  File "/Users/jimburer/GitHub/cryptography/.venv/lib/python3.8/site-packages/django/core/handlers/base.py", line 115, in _get_response
    response = self.process_exception_by_middleware(e, request)
  File "/Users/jimburer/GitHub/cryptography/.venv/lib/python3.8/site-packages/django/core/handlers/base.py", line 113, in _get_response
    response = wrapped_callback(request, *callback_args, **callback_kwargs)
  File "/Users/jimburer/GitHub/cryptography/crypto/views.py", line 12, in encode
    encoded_object = encoding.encode_object(data)
  File "/Users/jimburer/GitHub/cryptography/encoding/encoding.py", line 15, in encode_object
    as_numbers = int_conversion.is_base(int(data_in))
  File "/Users/jimburer/GitHub/cryptography/conversioning/int_conversion.py", line 45, in is_base
    number_as_bytes = bytes([number])
ValueError: bytes must be in range(0, 256)
2020-06-09 15:11:39,100:INFO:/Users/jimburer/GitHub/cryptography/conversioning/int_conversion.py changed, reloading.
2020-06-09 15:11:39,101:DEBUG:Using selector: KqueueSelector
2020-06-09 15:11:44,455:DEBUG:<class 'ValueError'>:("invalid literal for int() with base 2: '1234'",)
2020-06-09 15:11:44,483:ERROR:Internal Server Error: /crypto/1234
Traceback (most recent call last):
  File "/Users/jimburer/GitHub/cryptography/.venv/lib/python3.8/site-packages/django/core/handlers/exception.py", line 34, in inner
    response = get_response(request)
  File "/Users/jimburer/GitHub/cryptography/.venv/lib/python3.8/site-packages/django/core/handlers/base.py", line 115, in _get_response
    response = self.process_exception_by_middleware(e, request)
  File "/Users/jimburer/GitHub/cryptography/.venv/lib/python3.8/site-packages/django/core/handlers/base.py", line 113, in _get_response
    response = wrapped_callback(request, *callback_args, **callback_kwargs)
  File "/Users/jimburer/GitHub/cryptography/crypto/views.py", line 12, in encode
    encoded_object = encoding.encode_object(data)
  File "/Users/jimburer/GitHub/cryptography/encoding/encoding.py", line 15, in encode_object
    as_numbers = int_conversion.is_base(int(data_in))
  File "/Users/jimburer/GitHub/cryptography/conversioning/int_conversion.py", line 57, in is_base
    numbers.append(str(number) + " as bytes is " + number_as_bytes + " and is " + str(number_as_bytes_size) + " bytes")
TypeError: can only concatenate str (not "bytes") to str
2020-06-09 15:12:20,315:INFO:/Users/jimburer/GitHub/cryptography/conversioning/int_conversion.py changed, reloading.
2020-06-09 15:12:20,316:DEBUG:Using selector: KqueueSelector
2020-06-09 15:12:23,266:DEBUG:<class 'ValueError'>:("invalid literal for int() with base 2: '1234'",)
2020-06-09 15:16:04,073:INFO:/Users/jimburer/GitHub/cryptography/conversioning/int_conversion.py changed, reloading.
2020-06-09 15:16:04,073:DEBUG:Using selector: KqueueSelector
2020-06-09 15:16:09,391:DEBUG:<class 'ValueError'>:("invalid literal for int() with base 2: '1234'",)
2020-06-09 15:16:09,419:ERROR:Internal Server Error: /crypto/1234
Traceback (most recent call last):
  File "/Users/jimburer/GitHub/cryptography/.venv/lib/python3.8/site-packages/django/core/handlers/exception.py", line 34, in inner
    response = get_response(request)
  File "/Users/jimburer/GitHub/cryptography/.venv/lib/python3.8/site-packages/django/core/handlers/base.py", line 115, in _get_response
    response = self.process_exception_by_middleware(e, request)
  File "/Users/jimburer/GitHub/cryptography/.venv/lib/python3.8/site-packages/django/core/handlers/base.py", line 113, in _get_response
    response = wrapped_callback(request, *callback_args, **callback_kwargs)
  File "/Users/jimburer/GitHub/cryptography/crypto/views.py", line 12, in encode
    encoded_object = encoding.encode_object(data)
  File "/Users/jimburer/GitHub/cryptography/encoding/encoding.py", line 15, in encode_object
    as_numbers = int_conversion.is_base(int(data_in))
  File "/Users/jimburer/GitHub/cryptography/conversioning/int_conversion.py", line 45, in is_base
    number_as_bytes = number.to_bytes((numbers.bit_length() + 7) // 8, 'big')
AttributeError: 'list' object has no attribute 'bit_length'
2020-06-09 15:16:19,671:INFO:/Users/jimburer/GitHub/cryptography/conversioning/int_conversion.py changed, reloading.
2020-06-09 15:16:19,671:DEBUG:Using selector: KqueueSelector
2020-06-09 15:16:21,897:DEBUG:<class 'ValueError'>:("invalid literal for int() with base 2: '1234'",)
2020-06-09 15:17:06,251:INFO:/Users/jimburer/GitHub/cryptography/crypto/views.py changed, reloading.
2020-06-09 15:17:06,252:DEBUG:Using selector: KqueueSelector
2020-06-09 15:17:09,032:DEBUG:<class 'ValueError'>:("invalid literal for int() with base 2: '1234'",)
2020-06-09 15:18:33,498:INFO:/Users/jimburer/GitHub/cryptography/crypto/views.py changed, reloading.
2020-06-09 15:18:33,499:DEBUG:Using selector: KqueueSelector
2020-06-09 15:18:36,666:DEBUG:<class 'ValueError'>:("invalid literal for int() with base 2: '1234'",)
2020-06-09 15:23:02,055:INFO:/Users/jimburer/GitHub/cryptography/encoding/encoding.py changed, reloading.
2020-06-09 15:23:02,056:DEBUG:Using selector: KqueueSelector
2020-06-09 15:23:11,835:DEBUG:<class 'ValueError'>:("invalid literal for int() with base 2: '1234'",)
2020-06-09 15:23:16,270:DEBUG:<class 'ValueError'>:("invalid literal for int() with base 2: '1234'",)
2020-06-09 15:23:24,071:DEBUG:<class 'ValueError'>:("invalid literal for int() with base 2: '1235'",)
2020-06-09 15:23:36,602:DEBUG:<class 'ValueError'>:("invalid literal for int() with base 2: '1235098709823740982734098'",)
2020-06-09 15:23:36,603:DEBUG:<class 'ValueError'>:("invalid literal for int() with base 8: '1235098709823740982734098'",)
2020-06-09 15:23:53,387:ERROR:Internal Server Error: /crypto/1235098709823740982734098a
Traceback (most recent call last):
  File "/Users/jimburer/GitHub/cryptography/.venv/lib/python3.8/site-packages/django/core/handlers/exception.py", line 34, in inner
    response = get_response(request)
  File "/Users/jimburer/GitHub/cryptography/.venv/lib/python3.8/site-packages/django/core/handlers/base.py", line 115, in _get_response
    response = self.process_exception_by_middleware(e, request)
  File "/Users/jimburer/GitHub/cryptography/.venv/lib/python3.8/site-packages/django/core/handlers/base.py", line 113, in _get_response
    response = wrapped_callback(request, *callback_args, **callback_kwargs)
  File "/Users/jimburer/GitHub/cryptography/crypto/views.py", line 12, in encode
    encoded_object = encoding.encode_object(data)
  File "/Users/jimburer/GitHub/cryptography/encoding/encoding.py", line 15, in encode_object
    as_numbers = int_conversion.is_base(int(data_in))
ValueError: invalid literal for int() with base 10: '1235098709823740982734098a'
2020-06-09 15:24:44,202:DEBUG:Using selector: KqueueSelector
2020-06-09 15:24:57,862:DEBUG:Using selector: KqueueSelector
2020-06-09 15:25:03,064:DEBUG:Using selector: KqueueSelector
2020-06-09 15:27:26,330:DEBUG:Using selector: KqueueSelector
2020-06-09 15:37:34,186:DEBUG:<class 'ValueError'>:("invalid literal for int() with base 2: '1234'",)
2020-06-09 15:37:34,217:ERROR:Internal Server Error: /crypto/1234
Traceback (most recent call last):
  File "/Users/jimburer/GitHub/cryptography/.venv/lib/python3.8/site-packages/django/core/handlers/exception.py", line 34, in inner
    response = get_response(request)
  File "/Users/jimburer/GitHub/cryptography/.venv/lib/python3.8/site-packages/django/core/handlers/base.py", line 115, in _get_response
    response = self.process_exception_by_middleware(e, request)
  File "/Users/jimburer/GitHub/cryptography/.venv/lib/python3.8/site-packages/django/core/handlers/base.py", line 113, in _get_response
    response = wrapped_callback(request, *callback_args, **callback_kwargs)
  File "/Users/jimburer/GitHub/cryptography/crypto/views.py", line 12, in encode
    encoded_object = encoding.encode_object(data)
  File "/Users/jimburer/GitHub/cryptography/encoding/encoding.py", line 24, in encode_object
    data_as_base64_as_bytes = base64.b64encode(data_as_bytes)
UnboundLocalError: local variable 'data_as_bytes' referenced before assignment
2020-06-09 15:40:16,052:INFO:/Users/jimburer/GitHub/cryptography/encoding/encoding.py changed, reloading.
2020-06-09 15:40:16,053:DEBUG:Using selector: KqueueSelector
2020-06-09 15:40:20,354:DEBUG:Using selector: KqueueSelector
