DEBUG:root:<class 'ValueError'>("invalid literal for int() with base 2: '0o2322'",)
DEBUG:root:<class 'TypeError'>("int() can't convert non-string with explicit base",)
DEBUG:root:<class 'ValueError'>("invalid literal for int() with base 2: '0x4d2'",)
DEBUG:root:<class 'TypeError'>("int() can't convert non-string with explicit base",)
DEBUG:root:<class 'TypeError'>("int() can't convert non-string with explicit base",)
DEBUG:root:<class 'TypeError'>("int() can't convert non-string with explicit base",)
DEBUG:root:<class 'TypeError'>("int() can't convert non-string with explicit base",)
DEBUG:root:<class 'ValueError'>("invalid literal for int() with base 8: '0b10011010010'",)
DEBUG:root:<class 'ValueError'>("invalid literal for int() with base 10: '0b10011010010'",)
DEBUG:root:<class 'ValueError'>("invalid literal for int() with base 2: '0o2322'",)
DEBUG:root:<class 'ValueError'>("invalid literal for int() with base 10: '0o2322'",)
DEBUG:root:<class 'ValueError'>("invalid literal for int() with base 16: '0o2322'",)
DEBUG:root:<class 'TypeError'>("int() can't convert non-string with explicit base",)
DEBUG:root:<class 'TypeError'>("int() can't convert non-string with explicit base",)
DEBUG:root:<class 'TypeError'>("int() can't convert non-string with explicit base",)
DEBUG:root:<class 'TypeError'>("int() can't convert non-string with explicit base",)
DEBUG:root:<class 'ValueError'>("invalid literal for int() with base 2: '0x4d2'",)
DEBUG:root:<class 'ValueError'>("invalid literal for int() with base 8: '0x4d2'",)
DEBUG:root:<class 'ValueError'>("invalid literal for int() with base 10: '0x4d2'",)
DEBUG:root:<class 'TypeError'>("int() can't convert non-string with explicit base",)
DEBUG:root:<class 'TypeError'>("int() can't convert non-string with explicit base",)
DEBUG:root:<class 'TypeError'>("int() can't convert non-string with explicit base",)
DEBUG:root:<class 'TypeError'>("int() can't convert non-string with explicit base",)
DEBUG:root:<class 'TypeError'>("int() can't convert non-string with explicit base",)
DEBUG:root:<class 'TypeError'>("int() can't convert non-string with explicit base",)
DEBUG:root:<class 'TypeError'>("int() can't convert non-string with explicit base",)
DEBUG:root:<class 'TypeError'>("int() can't convert non-string with explicit base",)
DEBUG:root:<class 'TypeError'>("int() can't convert non-string with explicit base",)
DEBUG:root:<class 'TypeError'>("int() can't convert non-string with explicit base",)
DEBUG:root:<class 'TypeError'>("int() can't convert non-string with explicit base",)
DEBUG:root:<class 'TypeError'>("int() can't convert non-string with explicit base",)
DEBUG:root:<class 'TypeError'>("int() can't convert non-string with explicit base",)
DEBUG:root:<class 'TypeError'>("int() can't convert non-string with explicit base",)
DEBUG:root:<class 'TypeError'>("int() can't convert non-string with explicit base",)
DEBUG:root:<class 'TypeError'>("int() can't convert non-string with explicit base",)
DEBUG:root:<class 'ValueError'>("invalid literal for int() with base 8: '0b10011010010'",)
DEBUG:root:<class 'ValueError'>("invalid literal for int() with base 10: '0b10011010010'",)
DEBUG:root:<class 'ValueError'>("invalid literal for int() with base 2: '0o2322'",)
DEBUG:root:<class 'ValueError'>("invalid literal for int() with base 10: '0o2322'",)
DEBUG:root:<class 'ValueError'>("invalid literal for int() with base 16: '0o2322'",)
DEBUG:root:<class 'TypeError'>("int() can't convert non-string with explicit base",)
DEBUG:root:<class 'TypeError'>("int() can't convert non-string with explicit base",)
DEBUG:root:<class 'TypeError'>("int() can't convert non-string with explicit base",)
DEBUG:root:<class 'ValueError'>("invalid literal for int() with base 2: '0x4d2'",)
DEBUG:root:<class 'ValueError'>("invalid literal for int() with base 8: '0x4d2'",)
DEBUG:root:<class 'ValueError'>("invalid literal for int() with base 10: '0x4d2'",)
DEBUG:root:<class 'TypeError'>("int() can't convert non-string with explicit base",)
DEBUG:root:<class 'TypeError'>("int() can't convert non-string with explicit base",)
DEBUG:root:<class 'TypeError'>("int() can't convert non-string with explicit base",)
DEBUG:root:<class 'TypeError'>("int() can't convert non-string with explicit base",)
DEBUG:root:<class 'TypeError'>("int() can't convert non-string with explicit base",)
DEBUG:root:<class 'TypeError'>("int() can't convert non-string with explicit base",)
DEBUG:root:<class 'TypeError'>("int() can't convert non-string with explicit base",)
DEBUG:root:<class 'TypeError'>("int() can't convert non-string with explicit base",)
DEBUG:root:<class 'TypeError'>("int() can't convert non-string with explicit base",)
DEBUG:root:<class 'TypeError'>("int() can't convert non-string with explicit base",)
DEBUG:root:<class 'TypeError'>("int() can't convert non-string with explicit base",)
DEBUG:root:<class 'TypeError'>("int() can't convert non-string with explicit base",)
2020-06-05 16:24:09,481:DEBUG:<class 'ValueError'>("invalid literal for int() with base 8: '0b10011010010'",)
2020-06-05 16:24:09,481:DEBUG:<class 'ValueError'>("invalid literal for int() with base 10: '0b10011010010'",)
2020-06-05 16:24:09,481:DEBUG:<class 'ValueError'>("invalid literal for int() with base 2: '0o2322'",)
2020-06-05 16:24:09,481:DEBUG:<class 'ValueError'>("invalid literal for int() with base 10: '0o2322'",)
2020-06-05 16:24:09,481:DEBUG:<class 'ValueError'>("invalid literal for int() with base 16: '0o2322'",)
2020-06-05 16:24:09,482:DEBUG:<class 'TypeError'>("int() can't convert non-string with explicit base",)
2020-06-05 16:24:09,482:DEBUG:<class 'TypeError'>("int() can't convert non-string with explicit base",)
2020-06-05 16:24:09,482:DEBUG:<class 'TypeError'>("int() can't convert non-string with explicit base",)
2020-06-05 16:24:09,482:DEBUG:<class 'ValueError'>("invalid literal for int() with base 2: '0x4d2'",)
2020-06-05 16:24:09,482:DEBUG:<class 'ValueError'>("invalid literal for int() with base 8: '0x4d2'",)
2020-06-05 16:24:09,482:DEBUG:<class 'ValueError'>("invalid literal for int() with base 10: '0x4d2'",)
2020-06-05 16:24:09,482:DEBUG:<class 'TypeError'>("int() can't convert non-string with explicit base",)
2020-06-05 16:24:09,482:DEBUG:<class 'TypeError'>("int() can't convert non-string with explicit base",)
2020-06-05 16:24:09,483:DEBUG:<class 'TypeError'>("int() can't convert non-string with explicit base",)
2020-06-05 16:24:09,483:DEBUG:<class 'TypeError'>("int() can't convert non-string with explicit base",)
2020-06-05 16:24:09,483:DEBUG:<class 'TypeError'>("int() can't convert non-string with explicit base",)
2020-06-05 16:24:09,483:DEBUG:<class 'TypeError'>("int() can't convert non-string with explicit base",)
2020-06-05 16:24:09,483:DEBUG:<class 'TypeError'>("int() can't convert non-string with explicit base",)
2020-06-05 16:24:09,483:DEBUG:<class 'TypeError'>("int() can't convert non-string with explicit base",)
2020-06-05 16:24:09,483:DEBUG:<class 'TypeError'>("int() can't convert non-string with explicit base",)
2020-06-05 16:24:09,483:DEBUG:<class 'TypeError'>("int() can't convert non-string with explicit base",)
2020-06-05 16:24:09,483:DEBUG:<class 'TypeError'>("int() can't convert non-string with explicit base",)
2020-06-05 16:24:09,483:DEBUG:<class 'TypeError'>("int() can't convert non-string with explicit base",)
2020-06-05 16:25:42,448:DEBUG:<class 'ValueError'>:("invalid literal for int() with base 8: '0b10011010010'",)
2020-06-05 16:25:42,448:DEBUG:<class 'ValueError'>:("invalid literal for int() with base 10: '0b10011010010'",)
2020-06-05 16:25:42,448:DEBUG:<class 'ValueError'>:("invalid literal for int() with base 2: '0o2322'",)
2020-06-05 16:25:42,448:DEBUG:<class 'ValueError'>:("invalid literal for int() with base 10: '0o2322'",)
2020-06-05 16:25:42,448:DEBUG:<class 'ValueError'>:("invalid literal for int() with base 16: '0o2322'",)
2020-06-05 16:25:42,448:DEBUG:<class 'TypeError'>:("int() can't convert non-string with explicit base",)
2020-06-05 16:25:42,448:DEBUG:<class 'TypeError'>:("int() can't convert non-string with explicit base",)
2020-06-05 16:25:42,449:DEBUG:<class 'TypeError'>:("int() can't convert non-string with explicit base",)
2020-06-05 16:25:42,449:DEBUG:<class 'ValueError'>:("invalid literal for int() with base 2: '0x4d2'",)
2020-06-05 16:25:42,449:DEBUG:<class 'ValueError'>:("invalid literal for int() with base 8: '0x4d2'",)
2020-06-05 16:25:42,449:DEBUG:<class 'ValueError'>:("invalid literal for int() with base 10: '0x4d2'",)
2020-06-05 16:25:42,449:DEBUG:<class 'TypeError'>:("int() can't convert non-string with explicit base",)
2020-06-05 16:25:42,449:DEBUG:<class 'TypeError'>:("int() can't convert non-string with explicit base",)
2020-06-05 16:25:42,449:DEBUG:<class 'TypeError'>:("int() can't convert non-string with explicit base",)
2020-06-05 16:25:42,449:DEBUG:<class 'TypeError'>:("int() can't convert non-string with explicit base",)
2020-06-05 16:25:42,450:DEBUG:<class 'TypeError'>:("int() can't convert non-string with explicit base",)
2020-06-05 16:25:42,450:DEBUG:<class 'TypeError'>:("int() can't convert non-string with explicit base",)
2020-06-05 16:25:42,450:DEBUG:<class 'TypeError'>:("int() can't convert non-string with explicit base",)
2020-06-05 16:25:42,450:DEBUG:<class 'TypeError'>:("int() can't convert non-string with explicit base",)
2020-06-05 16:25:42,450:DEBUG:<class 'TypeError'>:("int() can't convert non-string with explicit base",)
2020-06-05 16:25:42,450:DEBUG:<class 'TypeError'>:("int() can't convert non-string with explicit base",)
2020-06-05 16:25:42,450:DEBUG:<class 'TypeError'>:("int() can't convert non-string with explicit base",)
2020-06-05 16:25:42,450:DEBUG:<class 'TypeError'>:("int() can't convert non-string with explicit base",)
2020-06-05 16:31:13,469:DEBUG:<class 'ValueError'>:("invalid literal for int() with base 8: '0b10011010010'",)
2020-06-05 16:31:13,469:DEBUG:<class 'ValueError'>:("invalid literal for int() with base 10: '0b10011010010'",)
2020-06-05 16:31:13,469:DEBUG:<class 'ValueError'>:("invalid literal for int() with base 2: '0o2322'",)
2020-06-05 16:31:13,469:DEBUG:<class 'ValueError'>:("invalid literal for int() with base 10: '0o2322'",)
2020-06-05 16:31:13,470:DEBUG:<class 'ValueError'>:("invalid literal for int() with base 16: '0o2322'",)
2020-06-05 16:31:13,470:DEBUG:<class 'TypeError'>:("int() can't convert non-string with explicit base",)
2020-06-05 16:31:13,470:DEBUG:<class 'TypeError'>:("int() can't convert non-string with explicit base",)
2020-06-05 16:31:13,470:DEBUG:<class 'TypeError'>:("int() can't convert non-string with explicit base",)
2020-06-05 16:31:13,470:DEBUG:<class 'ValueError'>:("invalid literal for int() with base 2: '0x4d2'",)
2020-06-05 16:31:13,470:DEBUG:<class 'ValueError'>:("invalid literal for int() with base 8: '0x4d2'",)
2020-06-05 16:31:13,470:DEBUG:<class 'ValueError'>:("invalid literal for int() with base 10: '0x4d2'",)
2020-06-05 16:31:13,470:DEBUG:<class 'TypeError'>:("int() can't convert non-string with explicit base",)
2020-06-05 16:31:13,470:DEBUG:<class 'TypeError'>:("int() can't convert non-string with explicit base",)
2020-06-05 16:31:13,471:DEBUG:<class 'TypeError'>:("int() can't convert non-string with explicit base",)
2020-06-05 16:31:13,471:DEBUG:<class 'TypeError'>:("int() can't convert non-string with explicit base",)
2020-06-05 16:31:13,471:DEBUG:<class 'TypeError'>:("int() can't convert non-string with explicit base",)
2020-06-05 16:31:13,471:DEBUG:<class 'TypeError'>:("int() can't convert non-string with explicit base",)
2020-06-05 16:31:13,471:DEBUG:<class 'TypeError'>:("int() can't convert non-string with explicit base",)
2020-06-05 16:31:13,471:DEBUG:<class 'TypeError'>:("int() can't convert non-string with explicit base",)
2020-06-05 16:31:13,471:DEBUG:<class 'TypeError'>:("int() can't convert non-string with explicit base",)
2020-06-05 16:31:13,471:DEBUG:<class 'TypeError'>:("int() can't convert non-string with explicit base",)
2020-06-05 16:31:13,471:DEBUG:<class 'TypeError'>:("int() can't convert non-string with explicit base",)
2020-06-05 16:31:13,472:DEBUG:<class 'TypeError'>:("int() can't convert non-string with explicit base",)
2020-06-05 16:33:50,209:DEBUG:<class 'ValueError'>:("invalid literal for int() with base 8: '0b10011010010'",)
2020-06-05 16:33:50,209:DEBUG:<class 'ValueError'>:("invalid literal for int() with base 10: '0b10011010010'",)
2020-06-05 16:33:50,210:DEBUG:<class 'ValueError'>:("invalid literal for int() with base 2: '0o2322'",)
2020-06-05 16:33:50,210:DEBUG:<class 'ValueError'>:("invalid literal for int() with base 10: '0o2322'",)
2020-06-05 16:33:50,210:DEBUG:<class 'ValueError'>:("invalid literal for int() with base 16: '0o2322'",)
2020-06-05 16:33:50,210:DEBUG:<class 'TypeError'>:("int() can't convert non-string with explicit base",)
2020-06-05 16:33:50,210:DEBUG:<class 'TypeError'>:("int() can't convert non-string with explicit base",)
2020-06-05 16:33:50,210:DEBUG:<class 'TypeError'>:("int() can't convert non-string with explicit base",)
2020-06-05 16:33:50,210:DEBUG:<class 'ValueError'>:("invalid literal for int() with base 2: '0x4d2'",)
2020-06-05 16:33:50,211:DEBUG:<class 'ValueError'>:("invalid literal for int() with base 8: '0x4d2'",)
2020-06-05 16:33:50,211:DEBUG:<class 'ValueError'>:("invalid literal for int() with base 10: '0x4d2'",)
2020-06-05 16:33:50,211:DEBUG:<class 'TypeError'>:("int() can't convert non-string with explicit base",)
2020-06-05 16:33:50,211:DEBUG:<class 'TypeError'>:("int() can't convert non-string with explicit base",)
2020-06-05 16:33:50,211:DEBUG:<class 'TypeError'>:("int() can't convert non-string with explicit base",)
2020-06-05 16:33:50,211:DEBUG:<class 'TypeError'>:("int() can't convert non-string with explicit base",)
2020-06-05 16:33:50,211:DEBUG:<class 'TypeError'>:("int() can't convert non-string with explicit base",)
2020-06-05 16:33:50,211:DEBUG:<class 'TypeError'>:("int() can't convert non-string with explicit base",)
2020-06-05 16:33:50,211:DEBUG:<class 'TypeError'>:("int() can't convert non-string with explicit base",)
2020-06-05 16:33:50,212:DEBUG:<class 'TypeError'>:("int() can't convert non-string with explicit base",)
2020-06-05 16:33:50,212:DEBUG:<class 'TypeError'>:("int() can't convert non-string with explicit base",)
2020-06-05 16:33:50,212:DEBUG:<class 'TypeError'>:("int() can't convert non-string with explicit base",)
2020-06-05 16:33:50,212:DEBUG:<class 'TypeError'>:("int() can't convert non-string with explicit base",)
2020-06-05 16:33:50,212:DEBUG:<class 'TypeError'>:("int() can't convert non-string with explicit base",)
2020-06-05 16:35:00,194:DEBUG:<class 'ValueError'>:("invalid literal for int() with base 8: '0b10011010010'",)
2020-06-05 16:35:00,195:DEBUG:<class 'ValueError'>:("invalid literal for int() with base 10: '0b10011010010'",)
2020-06-05 16:35:00,195:DEBUG:<class 'ValueError'>:("invalid literal for int() with base 2: '0o2322'",)
2020-06-05 16:35:00,195:DEBUG:<class 'ValueError'>:("invalid literal for int() with base 10: '0o2322'",)
2020-06-05 16:35:00,195:DEBUG:<class 'ValueError'>:("invalid literal for int() with base 16: '0o2322'",)
2020-06-05 16:35:00,195:DEBUG:<class 'TypeError'>:("int() can't convert non-string with explicit base",)
2020-06-05 16:35:00,195:DEBUG:<class 'TypeError'>:("int() can't convert non-string with explicit base",)
2020-06-05 16:35:00,195:DEBUG:<class 'TypeError'>:("int() can't convert non-string with explicit base",)
2020-06-05 16:35:00,196:DEBUG:<class 'ValueError'>:("invalid literal for int() with base 2: '0x4d2'",)
2020-06-05 16:35:00,196:DEBUG:<class 'ValueError'>:("invalid literal for int() with base 8: '0x4d2'",)
2020-06-05 16:35:00,196:DEBUG:<class 'ValueError'>:("invalid literal for int() with base 10: '0x4d2'",)
2020-06-05 16:35:00,196:DEBUG:<class 'TypeError'>:("int() can't convert non-string with explicit base",)
2020-06-05 16:35:00,196:DEBUG:<class 'TypeError'>:("int() can't convert non-string with explicit base",)
2020-06-05 16:35:00,196:DEBUG:<class 'TypeError'>:("int() can't convert non-string with explicit base",)
2020-06-05 16:35:00,196:DEBUG:<class 'TypeError'>:("int() can't convert non-string with explicit base",)
2020-06-05 16:35:00,196:DEBUG:<class 'TypeError'>:("int() can't convert non-string with explicit base",)
2020-06-05 16:35:00,197:DEBUG:<class 'TypeError'>:("int() can't convert non-string with explicit base",)
2020-06-05 16:35:00,197:DEBUG:<class 'TypeError'>:("int() can't convert non-string with explicit base",)
2020-06-05 16:35:00,197:DEBUG:<class 'TypeError'>:("int() can't convert non-string with explicit base",)
2020-06-05 16:35:00,197:DEBUG:<class 'TypeError'>:("int() can't convert non-string with explicit base",)
2020-06-05 16:35:00,197:DEBUG:<class 'TypeError'>:("int() can't convert non-string with explicit base",)
2020-06-05 16:35:00,197:DEBUG:<class 'TypeError'>:("int() can't convert non-string with explicit base",)
2020-06-05 16:35:00,197:DEBUG:<class 'TypeError'>:("int() can't convert non-string with explicit base",)
2020-06-05 16:38:57,863:DEBUG:<class 'ValueError'>:("invalid literal for int() with base 8: '0b10011010010'",)
2020-06-05 16:38:57,863:DEBUG:<class 'ValueError'>:("invalid literal for int() with base 10: '0b10011010010'",)
2020-06-05 16:38:57,863:DEBUG:<class 'ValueError'>:("invalid literal for int() with base 2: '0o2322'",)
2020-06-05 16:38:57,863:DEBUG:<class 'ValueError'>:("invalid literal for int() with base 10: '0o2322'",)
2020-06-05 16:38:57,864:DEBUG:<class 'ValueError'>:("invalid literal for int() with base 16: '0o2322'",)
2020-06-05 16:38:57,864:DEBUG:<class 'TypeError'>:("int() can't convert non-string with explicit base",)
2020-06-05 16:38:57,864:DEBUG:<class 'TypeError'>:("int() can't convert non-string with explicit base",)
2020-06-05 16:38:57,864:DEBUG:<class 'TypeError'>:("int() can't convert non-string with explicit base",)
2020-06-05 16:38:57,864:DEBUG:<class 'ValueError'>:("invalid literal for int() with base 2: '0x4d2'",)
2020-06-05 16:38:57,864:DEBUG:<class 'ValueError'>:("invalid literal for int() with base 8: '0x4d2'",)
2020-06-05 16:38:57,864:DEBUG:<class 'ValueError'>:("invalid literal for int() with base 10: '0x4d2'",)
2020-06-05 16:38:57,864:DEBUG:<class 'TypeError'>:("int() can't convert non-string with explicit base",)
2020-06-05 16:38:57,864:DEBUG:<class 'TypeError'>:("int() can't convert non-string with explicit base",)
2020-06-05 16:38:57,865:DEBUG:<class 'TypeError'>:("int() can't convert non-string with explicit base",)
2020-06-05 16:38:57,865:DEBUG:<class 'TypeError'>:("int() can't convert non-string with explicit base",)
2020-06-05 16:38:57,865:DEBUG:<class 'TypeError'>:("int() can't convert non-string with explicit base",)
2020-06-05 16:38:57,865:DEBUG:<class 'TypeError'>:("int() can't convert non-string with explicit base",)
2020-06-05 16:38:57,865:DEBUG:<class 'TypeError'>:("int() can't convert non-string with explicit base",)
2020-06-05 16:38:57,865:DEBUG:<class 'TypeError'>:("int() can't convert non-string with explicit base",)
2020-06-05 16:38:57,865:DEBUG:<class 'TypeError'>:("int() can't convert non-string with explicit base",)
2020-06-05 16:38:57,865:DEBUG:<class 'TypeError'>:("int() can't convert non-string with explicit base",)
2020-06-05 16:38:57,865:DEBUG:<class 'TypeError'>:("int() can't convert non-string with explicit base",)
2020-06-05 16:38:57,865:DEBUG:<class 'TypeError'>:("int() can't convert non-string with explicit base",)
2020-06-05 16:39:42,792:DEBUG:<class 'ValueError'>:("invalid literal for int() with base 8: '0b10011010010'",)
2020-06-05 16:39:42,792:DEBUG:<class 'ValueError'>:("invalid literal for int() with base 10: '0b10011010010'",)
2020-06-05 16:39:42,792:DEBUG:<class 'ValueError'>:("invalid literal for int() with base 2: '0o2322'",)
2020-06-05 16:39:42,793:DEBUG:<class 'ValueError'>:("invalid literal for int() with base 10: '0o2322'",)
2020-06-05 16:39:42,793:DEBUG:<class 'ValueError'>:("invalid literal for int() with base 16: '0o2322'",)
2020-06-05 16:39:42,793:DEBUG:<class 'TypeError'>:("int() can't convert non-string with explicit base",)
2020-06-05 16:39:42,793:DEBUG:<class 'TypeError'>:("int() can't convert non-string with explicit base",)
2020-06-05 16:39:42,793:DEBUG:<class 'TypeError'>:("int() can't convert non-string with explicit base",)
2020-06-05 16:39:42,793:DEBUG:<class 'ValueError'>:("invalid literal for int() with base 2: '0x4d2'",)
2020-06-05 16:39:42,793:DEBUG:<class 'ValueError'>:("invalid literal for int() with base 8: '0x4d2'",)
2020-06-05 16:39:42,793:DEBUG:<class 'ValueError'>:("invalid literal for int() with base 10: '0x4d2'",)
2020-06-05 16:39:42,793:DEBUG:<class 'TypeError'>:("int() can't convert non-string with explicit base",)
2020-06-05 16:39:42,794:DEBUG:<class 'TypeError'>:("int() can't convert non-string with explicit base",)
2020-06-05 16:39:42,794:DEBUG:<class 'TypeError'>:("int() can't convert non-string with explicit base",)
2020-06-05 16:39:42,794:DEBUG:<class 'TypeError'>:("int() can't convert non-string with explicit base",)
2020-06-05 16:39:42,794:DEBUG:<class 'TypeError'>:("int() can't convert non-string with explicit base",)
2020-06-05 16:39:42,794:DEBUG:<class 'TypeError'>:("int() can't convert non-string with explicit base",)
2020-06-05 16:39:42,794:DEBUG:<class 'TypeError'>:("int() can't convert non-string with explicit base",)
2020-06-05 16:39:42,794:DEBUG:<class 'TypeError'>:("int() can't convert non-string with explicit base",)
2020-06-05 16:39:42,794:DEBUG:<class 'TypeError'>:("int() can't convert non-string with explicit base",)
2020-06-05 16:39:42,794:DEBUG:<class 'TypeError'>:("int() can't convert non-string with explicit base",)
2020-06-05 16:39:42,794:DEBUG:<class 'TypeError'>:("int() can't convert non-string with explicit base",)
2020-06-05 16:39:42,795:DEBUG:<class 'TypeError'>:("int() can't convert non-string with explicit base",)
2020-06-05 16:40:48,483:DEBUG:<class 'ValueError'>:("invalid literal for int() with base 8: '0b10011010010'",)
2020-06-05 16:40:48,483:DEBUG:<class 'ValueError'>:("invalid literal for int() with base 10: '0b10011010010'",)
2020-06-05 16:40:48,484:DEBUG:<class 'ValueError'>:("invalid literal for int() with base 2: '0o2322'",)
2020-06-05 16:40:48,484:DEBUG:<class 'ValueError'>:("invalid literal for int() with base 10: '0o2322'",)
2020-06-05 16:40:48,484:DEBUG:<class 'ValueError'>:("invalid literal for int() with base 16: '0o2322'",)
2020-06-05 16:40:48,484:DEBUG:<class 'TypeError'>:("int() can't convert non-string with explicit base",)
2020-06-05 16:40:48,484:DEBUG:<class 'TypeError'>:("int() can't convert non-string with explicit base",)
2020-06-05 16:40:48,484:DEBUG:<class 'TypeError'>:("int() can't convert non-string with explicit base",)
2020-06-05 16:40:48,484:DEBUG:<class 'ValueError'>:("invalid literal for int() with base 2: '0x4d2'",)
2020-06-05 16:40:48,484:DEBUG:<class 'ValueError'>:("invalid literal for int() with base 8: '0x4d2'",)
2020-06-05 16:40:48,485:DEBUG:<class 'ValueError'>:("invalid literal for int() with base 10: '0x4d2'",)
2020-06-05 16:40:48,485:DEBUG:<class 'TypeError'>:("int() can't convert non-string with explicit base",)
2020-06-05 16:40:48,485:DEBUG:<class 'TypeError'>:("int() can't convert non-string with explicit base",)
2020-06-05 16:40:48,485:DEBUG:<class 'TypeError'>:("int() can't convert non-string with explicit base",)
2020-06-05 16:40:48,485:DEBUG:<class 'TypeError'>:("int() can't convert non-string with explicit base",)
2020-06-05 16:40:48,485:DEBUG:<class 'TypeError'>:("int() can't convert non-string with explicit base",)
2020-06-05 16:40:48,485:DEBUG:<class 'TypeError'>:("int() can't convert non-string with explicit base",)
2020-06-05 16:40:48,485:DEBUG:<class 'TypeError'>:("int() can't convert non-string with explicit base",)
2020-06-05 16:40:48,486:DEBUG:<class 'TypeError'>:("int() can't convert non-string with explicit base",)
2020-06-05 16:40:48,486:DEBUG:<class 'TypeError'>:("int() can't convert non-string with explicit base",)
2020-06-05 16:40:48,486:DEBUG:<class 'TypeError'>:("int() can't convert non-string with explicit base",)
2020-06-05 16:40:48,486:DEBUG:<class 'TypeError'>:("int() can't convert non-string with explicit base",)
2020-06-05 16:40:48,486:DEBUG:<class 'TypeError'>:("int() can't convert non-string with explicit base",)
2020-06-05 16:40:55,789:DEBUG:<class 'ValueError'>:("invalid literal for int() with base 8: '0b10011010010'",)
2020-06-05 16:40:55,789:DEBUG:<class 'ValueError'>:("invalid literal for int() with base 10: '0b10011010010'",)
2020-06-05 16:40:55,790:DEBUG:<class 'ValueError'>:("invalid literal for int() with base 2: '0o2322'",)
2020-06-05 16:40:55,790:DEBUG:<class 'ValueError'>:("invalid literal for int() with base 10: '0o2322'",)
2020-06-05 16:40:55,790:DEBUG:<class 'ValueError'>:("invalid literal for int() with base 16: '0o2322'",)
2020-06-05 16:40:55,790:DEBUG:<class 'TypeError'>:("int() can't convert non-string with explicit base",)
2020-06-05 16:40:55,790:DEBUG:<class 'TypeError'>:("int() can't convert non-string with explicit base",)
2020-06-05 16:40:55,790:DEBUG:<class 'TypeError'>:("int() can't convert non-string with explicit base",)
2020-06-05 16:40:55,790:DEBUG:<class 'ValueError'>:("invalid literal for int() with base 2: '0x4d2'",)
2020-06-05 16:40:55,790:DEBUG:<class 'ValueError'>:("invalid literal for int() with base 8: '0x4d2'",)
2020-06-05 16:40:55,790:DEBUG:<class 'ValueError'>:("invalid literal for int() with base 10: '0x4d2'",)
2020-06-05 16:40:55,791:DEBUG:<class 'TypeError'>:("int() can't convert non-string with explicit base",)
2020-06-05 16:40:55,791:DEBUG:<class 'TypeError'>:("int() can't convert non-string with explicit base",)
2020-06-05 16:40:55,791:DEBUG:<class 'TypeError'>:("int() can't convert non-string with explicit base",)
2020-06-05 16:40:55,791:DEBUG:<class 'TypeError'>:("int() can't convert non-string with explicit base",)
2020-06-05 16:40:55,791:DEBUG:<class 'TypeError'>:("int() can't convert non-string with explicit base",)
2020-06-05 16:40:55,791:DEBUG:<class 'TypeError'>:("int() can't convert non-string with explicit base",)
2020-06-05 16:40:55,791:DEBUG:<class 'TypeError'>:("int() can't convert non-string with explicit base",)
2020-06-05 16:40:55,791:DEBUG:<class 'TypeError'>:("int() can't convert non-string with explicit base",)
2020-06-05 16:40:55,791:DEBUG:<class 'TypeError'>:("int() can't convert non-string with explicit base",)
2020-06-05 16:40:55,791:DEBUG:<class 'TypeError'>:("int() can't convert non-string with explicit base",)
2020-06-05 16:40:55,792:DEBUG:<class 'TypeError'>:("int() can't convert non-string with explicit base",)
2020-06-05 16:40:55,792:DEBUG:<class 'TypeError'>:("int() can't convert non-string with explicit base",)
2020-06-05 16:41:13,147:DEBUG:<class 'ValueError'>:("invalid literal for int() with base 8: '0b10011010010'",)
2020-06-05 16:41:13,147:DEBUG:<class 'ValueError'>:("invalid literal for int() with base 10: '0b10011010010'",)
2020-06-05 16:41:13,147:DEBUG:<class 'ValueError'>:("invalid literal for int() with base 2: '0o2322'",)
2020-06-05 16:41:13,147:DEBUG:<class 'ValueError'>:("invalid literal for int() with base 10: '0o2322'",)
2020-06-05 16:41:13,148:DEBUG:<class 'ValueError'>:("invalid literal for int() with base 16: '0o2322'",)
2020-06-05 16:41:13,148:DEBUG:<class 'TypeError'>:("int() can't convert non-string with explicit base",)
2020-06-05 16:41:13,148:DEBUG:<class 'TypeError'>:("int() can't convert non-string with explicit base",)
2020-06-05 16:41:13,148:DEBUG:<class 'TypeError'>:("int() can't convert non-string with explicit base",)
2020-06-05 16:41:13,148:DEBUG:<class 'ValueError'>:("invalid literal for int() with base 2: '0x4d2'",)
2020-06-05 16:41:13,148:DEBUG:<class 'ValueError'>:("invalid literal for int() with base 8: '0x4d2'",)
2020-06-05 16:41:13,148:DEBUG:<class 'ValueError'>:("invalid literal for int() with base 10: '0x4d2'",)
2020-06-05 16:41:13,148:DEBUG:<class 'TypeError'>:("int() can't convert non-string with explicit base",)
2020-06-05 16:41:13,149:DEBUG:<class 'TypeError'>:("int() can't convert non-string with explicit base",)
2020-06-05 16:41:13,149:DEBUG:<class 'TypeError'>:("int() can't convert non-string with explicit base",)
2020-06-05 16:41:13,149:DEBUG:<class 'TypeError'>:("int() can't convert non-string with explicit base",)
2020-06-05 16:41:13,149:DEBUG:<class 'TypeError'>:("int() can't convert non-string with explicit base",)
2020-06-05 16:41:13,149:DEBUG:<class 'TypeError'>:("int() can't convert non-string with explicit base",)
2020-06-05 16:41:13,149:DEBUG:<class 'TypeError'>:("int() can't convert non-string with explicit base",)
2020-06-05 16:41:13,149:DEBUG:<class 'TypeError'>:("int() can't convert non-string with explicit base",)
2020-06-05 16:41:13,149:DEBUG:<class 'TypeError'>:("int() can't convert non-string with explicit base",)
2020-06-05 16:41:13,149:DEBUG:<class 'TypeError'>:("int() can't convert non-string with explicit base",)
2020-06-05 16:41:13,149:DEBUG:<class 'TypeError'>:("int() can't convert non-string with explicit base",)
2020-06-05 16:41:13,150:DEBUG:<class 'TypeError'>:("int() can't convert non-string with explicit base",)
2020-06-05 16:41:20,373:DEBUG:<class 'ValueError'>:("invalid literal for int() with base 8: '0b10011010010'",)
2020-06-05 16:41:20,373:DEBUG:<class 'ValueError'>:("invalid literal for int() with base 10: '0b10011010010'",)
2020-06-05 16:41:20,373:DEBUG:<class 'ValueError'>:("invalid literal for int() with base 2: '0o2322'",)
2020-06-05 16:41:20,373:DEBUG:<class 'ValueError'>:("invalid literal for int() with base 10: '0o2322'",)
2020-06-05 16:41:20,373:DEBUG:<class 'ValueError'>:("invalid literal for int() with base 16: '0o2322'",)
2020-06-05 16:41:20,373:DEBUG:<class 'TypeError'>:("int() can't convert non-string with explicit base",)
2020-06-05 16:41:20,373:DEBUG:<class 'TypeError'>:("int() can't convert non-string with explicit base",)
2020-06-05 16:41:20,374:DEBUG:<class 'TypeError'>:("int() can't convert non-string with explicit base",)
2020-06-05 16:41:20,374:DEBUG:<class 'ValueError'>:("invalid literal for int() with base 2: '0x4d2'",)
2020-06-05 16:41:20,374:DEBUG:<class 'ValueError'>:("invalid literal for int() with base 8: '0x4d2'",)
2020-06-05 16:41:20,374:DEBUG:<class 'ValueError'>:("invalid literal for int() with base 10: '0x4d2'",)
2020-06-05 16:41:20,374:DEBUG:<class 'TypeError'>:("int() can't convert non-string with explicit base",)
2020-06-05 16:41:20,374:DEBUG:<class 'TypeError'>:("int() can't convert non-string with explicit base",)
2020-06-05 16:41:20,374:DEBUG:<class 'TypeError'>:("int() can't convert non-string with explicit base",)
2020-06-05 16:41:20,375:DEBUG:<class 'TypeError'>:("int() can't convert non-string with explicit base",)
2020-06-05 16:41:20,375:DEBUG:<class 'TypeError'>:("int() can't convert non-string with explicit base",)
2020-06-05 16:41:20,375:DEBUG:<class 'TypeError'>:("int() can't convert non-string with explicit base",)
2020-06-05 16:41:20,375:DEBUG:<class 'TypeError'>:("int() can't convert non-string with explicit base",)
2020-06-05 16:41:20,375:DEBUG:<class 'TypeError'>:("int() can't convert non-string with explicit base",)
2020-06-05 16:41:20,375:DEBUG:<class 'TypeError'>:("int() can't convert non-string with explicit base",)
2020-06-05 16:41:20,375:DEBUG:<class 'TypeError'>:("int() can't convert non-string with explicit base",)
2020-06-05 16:41:20,375:DEBUG:<class 'TypeError'>:("int() can't convert non-string with explicit base",)
2020-06-05 16:41:20,375:DEBUG:<class 'TypeError'>:("int() can't convert non-string with explicit base",)
2020-06-05 16:49:27,988:DEBUG:<class 'ValueError'>:("invalid literal for int() with base 8: '0b10011010010'",)
2020-06-05 16:49:27,989:DEBUG:<class 'ValueError'>:("invalid literal for int() with base 10: '0b10011010010'",)
2020-06-05 16:49:27,989:DEBUG:<class 'ValueError'>:("invalid literal for int() with base 2: '0o2322'",)
2020-06-05 16:49:27,989:DEBUG:<class 'ValueError'>:("invalid literal for int() with base 10: '0o2322'",)
2020-06-05 16:49:27,989:DEBUG:<class 'ValueError'>:("invalid literal for int() with base 16: '0o2322'",)
2020-06-05 16:49:27,989:DEBUG:<class 'TypeError'>:("int() can't convert non-string with explicit base",)
2020-06-05 16:49:27,990:DEBUG:<class 'TypeError'>:("int() can't convert non-string with explicit base",)
2020-06-05 16:49:27,990:DEBUG:<class 'TypeError'>:("int() can't convert non-string with explicit base",)
2020-06-05 16:49:27,990:DEBUG:<class 'ValueError'>:("invalid literal for int() with base 2: '0x4d2'",)
2020-06-05 16:49:27,990:DEBUG:<class 'ValueError'>:("invalid literal for int() with base 8: '0x4d2'",)
2020-06-05 16:49:27,990:DEBUG:<class 'ValueError'>:("invalid literal for int() with base 10: '0x4d2'",)
2020-06-05 16:49:27,990:DEBUG:<class 'TypeError'>:("int() can't convert non-string with explicit base",)
2020-06-05 16:49:27,990:DEBUG:<class 'TypeError'>:("int() can't convert non-string with explicit base",)
2020-06-05 16:49:27,990:DEBUG:<class 'TypeError'>:("int() can't convert non-string with explicit base",)
2020-06-05 16:49:27,991:DEBUG:<class 'TypeError'>:("int() can't convert non-string with explicit base",)
2020-06-05 16:49:27,991:DEBUG:<class 'TypeError'>:("int() can't convert non-string with explicit base",)
2020-06-05 16:49:27,991:DEBUG:<class 'TypeError'>:("int() can't convert non-string with explicit base",)
2020-06-05 16:49:27,991:DEBUG:<class 'TypeError'>:("int() can't convert non-string with explicit base",)
2020-06-05 16:49:27,991:DEBUG:<class 'TypeError'>:("int() can't convert non-string with explicit base",)
2020-06-05 16:49:27,991:DEBUG:<class 'TypeError'>:("int() can't convert non-string with explicit base",)
2020-06-05 16:49:27,991:DEBUG:<class 'TypeError'>:("int() can't convert non-string with explicit base",)
2020-06-05 16:49:27,991:DEBUG:<class 'TypeError'>:("int() can't convert non-string with explicit base",)
2020-06-05 16:49:27,991:DEBUG:<class 'TypeError'>:("int() can't convert non-string with explicit base",)
2020-06-05 16:49:37,991:DEBUG:<class 'ValueError'>:("invalid literal for int() with base 8: '0b10011010010'",)
2020-06-05 16:49:37,991:DEBUG:<class 'ValueError'>:("invalid literal for int() with base 10: '0b10011010010'",)
2020-06-05 16:49:37,991:DEBUG:<class 'ValueError'>:("invalid literal for int() with base 2: '0o2322'",)
2020-06-05 16:49:37,992:DEBUG:<class 'ValueError'>:("invalid literal for int() with base 10: '0o2322'",)
2020-06-05 16:49:37,992:DEBUG:<class 'ValueError'>:("invalid literal for int() with base 16: '0o2322'",)
2020-06-05 16:49:37,992:DEBUG:<class 'TypeError'>:("int() can't convert non-string with explicit base",)
2020-06-05 16:49:37,992:DEBUG:<class 'TypeError'>:("int() can't convert non-string with explicit base",)
2020-06-05 16:49:37,992:DEBUG:<class 'TypeError'>:("int() can't convert non-string with explicit base",)
2020-06-05 16:49:37,992:DEBUG:<class 'ValueError'>:("invalid literal for int() with base 2: '0x4d2'",)
2020-06-05 16:49:37,992:DEBUG:<class 'ValueError'>:("invalid literal for int() with base 8: '0x4d2'",)
2020-06-05 16:49:37,993:DEBUG:<class 'ValueError'>:("invalid literal for int() with base 10: '0x4d2'",)
2020-06-05 16:49:37,993:DEBUG:<class 'TypeError'>:("int() can't convert non-string with explicit base",)
2020-06-05 16:49:37,993:DEBUG:<class 'TypeError'>:("int() can't convert non-string with explicit base",)
2020-06-05 16:49:37,993:DEBUG:<class 'TypeError'>:("int() can't convert non-string with explicit base",)
2020-06-05 16:49:37,993:DEBUG:<class 'TypeError'>:("int() can't convert non-string with explicit base",)
2020-06-05 16:49:37,993:DEBUG:<class 'TypeError'>:("int() can't convert non-string with explicit base",)
2020-06-05 16:49:37,994:DEBUG:<class 'TypeError'>:("int() can't convert non-string with explicit base",)
2020-06-05 16:49:37,994:DEBUG:<class 'TypeError'>:("int() can't convert non-string with explicit base",)
2020-06-05 16:49:37,994:DEBUG:<class 'TypeError'>:("int() can't convert non-string with explicit base",)
2020-06-05 16:49:37,994:DEBUG:<class 'TypeError'>:("int() can't convert non-string with explicit base",)
2020-06-05 16:49:37,994:DEBUG:<class 'TypeError'>:("int() can't convert non-string with explicit base",)
2020-06-05 16:49:37,994:DEBUG:<class 'TypeError'>:("int() can't convert non-string with explicit base",)
2020-06-05 16:49:37,994:DEBUG:<class 'TypeError'>:("int() can't convert non-string with explicit base",)
2020-06-05 16:53:42,000:DEBUG:<class 'ValueError'>:("invalid literal for int() with base 8: '0b10011010010'",)
2020-06-05 16:53:42,000:DEBUG:<class 'ValueError'>:("invalid literal for int() with base 10: '0b10011010010'",)
2020-06-05 16:53:42,000:DEBUG:<class 'ValueError'>:("invalid literal for int() with base 2: '0o2322'",)
2020-06-05 16:53:42,001:DEBUG:<class 'ValueError'>:("invalid literal for int() with base 10: '0o2322'",)
2020-06-05 16:53:42,001:DEBUG:<class 'ValueError'>:("invalid literal for int() with base 16: '0o2322'",)
2020-06-05 16:53:42,001:DEBUG:<class 'TypeError'>:("int() can't convert non-string with explicit base",)
2020-06-05 16:53:42,001:DEBUG:<class 'TypeError'>:("int() can't convert non-string with explicit base",)
2020-06-05 16:53:42,001:DEBUG:<class 'TypeError'>:("int() can't convert non-string with explicit base",)
2020-06-05 16:53:42,002:DEBUG:<class 'ValueError'>:("invalid literal for int() with base 2: '0x4d2'",)
2020-06-05 16:53:42,002:DEBUG:<class 'ValueError'>:("invalid literal for int() with base 8: '0x4d2'",)
2020-06-05 16:53:42,002:DEBUG:<class 'ValueError'>:("invalid literal for int() with base 10: '0x4d2'",)
2020-06-05 16:53:42,002:DEBUG:<class 'TypeError'>:("int() can't convert non-string with explicit base",)
2020-06-05 16:53:42,002:DEBUG:<class 'TypeError'>:("int() can't convert non-string with explicit base",)
2020-06-05 16:53:42,002:DEBUG:<class 'TypeError'>:("int() can't convert non-string with explicit base",)
2020-06-05 16:53:42,002:DEBUG:<class 'TypeError'>:("int() can't convert non-string with explicit base",)
2020-06-05 16:53:42,002:DEBUG:<class 'TypeError'>:("int() can't convert non-string with explicit base",)
2020-06-05 16:53:42,002:DEBUG:<class 'TypeError'>:("int() can't convert non-string with explicit base",)
2020-06-05 16:53:42,002:DEBUG:<class 'TypeError'>:("int() can't convert non-string with explicit base",)
2020-06-05 16:53:42,002:DEBUG:<class 'TypeError'>:("int() can't convert non-string with explicit base",)
2020-06-05 16:53:42,003:DEBUG:<class 'TypeError'>:("int() can't convert non-string with explicit base",)
2020-06-05 16:53:42,003:DEBUG:<class 'TypeError'>:("int() can't convert non-string with explicit base",)
2020-06-05 16:53:42,003:DEBUG:<class 'TypeError'>:("int() can't convert non-string with explicit base",)
2020-06-05 16:53:42,003:DEBUG:<class 'TypeError'>:("int() can't convert non-string with explicit base",)
2020-06-05 16:59:36,593:DEBUG:<class 'ValueError'>:("invalid literal for int() with base 8: '0b1'",)
2020-06-05 16:59:36,594:DEBUG:<class 'ValueError'>:("invalid literal for int() with base 10: '0b1'",)
2020-06-05 16:59:36,594:DEBUG:<class 'ValueError'>:("invalid literal for int() with base 2: '0o1'",)
2020-06-05 16:59:36,595:DEBUG:<class 'ValueError'>:("invalid literal for int() with base 10: '0o1'",)
2020-06-05 16:59:36,595:DEBUG:<class 'ValueError'>:("invalid literal for int() with base 16: '0o1'",)
2020-06-05 16:59:36,595:DEBUG:<class 'TypeError'>:("int() can't convert non-string with explicit base",)
2020-06-05 16:59:36,595:DEBUG:<class 'TypeError'>:("int() can't convert non-string with explicit base",)
2020-06-05 16:59:36,595:DEBUG:<class 'TypeError'>:("int() can't convert non-string with explicit base",)
2020-06-05 16:59:36,595:DEBUG:<class 'ValueError'>:("invalid literal for int() with base 2: '0x1'",)
2020-06-05 16:59:36,595:DEBUG:<class 'ValueError'>:("invalid literal for int() with base 8: '0x1'",)
2020-06-05 16:59:36,596:DEBUG:<class 'ValueError'>:("invalid literal for int() with base 10: '0x1'",)
2020-06-05 16:59:36,596:DEBUG:<class 'TypeError'>:("int() can't convert non-string with explicit base",)
2020-06-05 16:59:36,596:DEBUG:<class 'TypeError'>:("int() can't convert non-string with explicit base",)
2020-06-05 16:59:36,596:DEBUG:<class 'TypeError'>:("int() can't convert non-string with explicit base",)
2020-06-05 16:59:36,596:DEBUG:<class 'TypeError'>:("int() can't convert non-string with explicit base",)
2020-06-05 16:59:36,596:DEBUG:<class 'TypeError'>:("int() can't convert non-string with explicit base",)
2020-06-05 16:59:36,596:DEBUG:<class 'TypeError'>:("int() can't convert non-string with explicit base",)
2020-06-05 16:59:36,596:DEBUG:<class 'TypeError'>:("int() can't convert non-string with explicit base",)
2020-06-05 16:59:36,596:DEBUG:<class 'TypeError'>:("int() can't convert non-string with explicit base",)
2020-06-05 16:59:36,596:DEBUG:<class 'TypeError'>:("int() can't convert non-string with explicit base",)
2020-06-05 16:59:36,597:DEBUG:<class 'TypeError'>:("int() can't convert non-string with explicit base",)
2020-06-05 16:59:36,597:DEBUG:<class 'TypeError'>:("int() can't convert non-string with explicit base",)
2020-06-05 16:59:36,597:DEBUG:<class 'TypeError'>:("int() can't convert non-string with explicit base",)
2020-06-05 17:01:28,219:DEBUG:<class 'ValueError'>:("invalid literal for int() with base 8: '0b1'",)
2020-06-05 17:01:28,220:DEBUG:<class 'ValueError'>:("invalid literal for int() with base 10: '0b1'",)
2020-06-05 17:01:28,220:DEBUG:<class 'ValueError'>:("invalid literal for int() with base 2: '0o1'",)
2020-06-05 17:01:28,220:DEBUG:<class 'ValueError'>:("invalid literal for int() with base 10: '0o1'",)
2020-06-05 17:01:28,220:DEBUG:<class 'ValueError'>:("invalid literal for int() with base 16: '0o1'",)
2020-06-05 17:01:28,221:DEBUG:<class 'TypeError'>:("int() can't convert non-string with explicit base",)
2020-06-05 17:01:28,221:DEBUG:<class 'TypeError'>:("int() can't convert non-string with explicit base",)
2020-06-05 17:01:28,221:DEBUG:<class 'TypeError'>:("int() can't convert non-string with explicit base",)
2020-06-05 17:01:28,221:DEBUG:<class 'ValueError'>:("invalid literal for int() with base 2: '0x1'",)
2020-06-05 17:01:28,221:DEBUG:<class 'ValueError'>:("invalid literal for int() with base 8: '0x1'",)
2020-06-05 17:01:28,221:DEBUG:<class 'ValueError'>:("invalid literal for int() with base 10: '0x1'",)
2020-06-05 17:01:28,222:DEBUG:<class 'TypeError'>:("int() can't convert non-string with explicit base",)
2020-06-05 17:01:28,222:DEBUG:<class 'TypeError'>:("int() can't convert non-string with explicit base",)
2020-06-05 17:01:28,222:DEBUG:<class 'TypeError'>:("int() can't convert non-string with explicit base",)
2020-06-05 17:01:28,222:DEBUG:<class 'TypeError'>:("int() can't convert non-string with explicit base",)
2020-06-05 17:01:28,222:DEBUG:<class 'TypeError'>:("int() can't convert non-string with explicit base",)
2020-06-05 17:01:28,222:DEBUG:<class 'TypeError'>:("int() can't convert non-string with explicit base",)
2020-06-05 17:01:28,222:DEBUG:<class 'TypeError'>:("int() can't convert non-string with explicit base",)
2020-06-05 17:01:28,222:DEBUG:<class 'TypeError'>:("int() can't convert non-string with explicit base",)
2020-06-05 17:01:28,222:DEBUG:<class 'TypeError'>:("int() can't convert non-string with explicit base",)
2020-06-05 17:01:28,222:DEBUG:<class 'TypeError'>:("int() can't convert non-string with explicit base",)
2020-06-05 17:01:28,222:DEBUG:<class 'TypeError'>:("int() can't convert non-string with explicit base",)
2020-06-05 17:01:28,223:DEBUG:<class 'TypeError'>:("int() can't convert non-string with explicit base",)
2020-06-05 17:02:43,655:DEBUG:<class 'ValueError'>:("invalid literal for int() with base 8: '0b1'",)
2020-06-05 17:02:43,655:DEBUG:<class 'ValueError'>:("invalid literal for int() with base 10: '0b1'",)
2020-06-05 17:02:43,655:DEBUG:<class 'ValueError'>:("invalid literal for int() with base 2: '0o1'",)
2020-06-05 17:02:43,655:DEBUG:<class 'ValueError'>:("invalid literal for int() with base 10: '0o1'",)
2020-06-05 17:02:43,656:DEBUG:<class 'ValueError'>:("invalid literal for int() with base 16: '0o1'",)
2020-06-05 17:02:43,656:DEBUG:<class 'TypeError'>:("int() can't convert non-string with explicit base",)
2020-06-05 17:02:43,656:DEBUG:<class 'TypeError'>:("int() can't convert non-string with explicit base",)
2020-06-05 17:02:43,656:DEBUG:<class 'TypeError'>:("int() can't convert non-string with explicit base",)
2020-06-05 17:02:43,656:DEBUG:<class 'ValueError'>:("invalid literal for int() with base 2: '0x1'",)
2020-06-05 17:02:43,656:DEBUG:<class 'ValueError'>:("invalid literal for int() with base 8: '0x1'",)
2020-06-05 17:02:43,656:DEBUG:<class 'ValueError'>:("invalid literal for int() with base 10: '0x1'",)
2020-06-05 17:02:43,656:DEBUG:<class 'TypeError'>:("int() can't convert non-string with explicit base",)
2020-06-05 17:02:43,657:DEBUG:<class 'TypeError'>:("int() can't convert non-string with explicit base",)
2020-06-05 17:02:43,657:DEBUG:<class 'TypeError'>:("int() can't convert non-string with explicit base",)
2020-06-05 17:02:43,657:DEBUG:<class 'TypeError'>:("int() can't convert non-string with explicit base",)
2020-06-05 17:02:43,657:DEBUG:<class 'TypeError'>:("int() can't convert non-string with explicit base",)
2020-06-05 17:02:43,657:DEBUG:<class 'TypeError'>:("int() can't convert non-string with explicit base",)
2020-06-05 17:02:43,657:DEBUG:<class 'TypeError'>:("int() can't convert non-string with explicit base",)
2020-06-05 17:02:43,657:DEBUG:<class 'TypeError'>:("int() can't convert non-string with explicit base",)
2020-06-05 17:02:43,657:DEBUG:<class 'TypeError'>:("int() can't convert non-string with explicit base",)
2020-06-05 17:02:43,657:DEBUG:<class 'TypeError'>:("int() can't convert non-string with explicit base",)
2020-06-05 17:02:43,657:DEBUG:<class 'TypeError'>:("int() can't convert non-string with explicit base",)
2020-06-05 17:02:43,657:DEBUG:<class 'TypeError'>:("int() can't convert non-string with explicit base",)
2020-06-05 17:05:47,642:DEBUG:<class 'ValueError'>:("invalid literal for int() with base 8: '0b1'",)
2020-06-05 17:05:47,642:DEBUG:<class 'ValueError'>:("invalid literal for int() with base 10: '0b1'",)
2020-06-05 17:05:47,642:DEBUG:<class 'ValueError'>:("invalid literal for int() with base 2: '0o1'",)
2020-06-05 17:05:47,642:DEBUG:<class 'ValueError'>:("invalid literal for int() with base 10: '0o1'",)
2020-06-05 17:05:47,642:DEBUG:<class 'ValueError'>:("invalid literal for int() with base 16: '0o1'",)
2020-06-05 17:05:47,642:DEBUG:<class 'TypeError'>:("int() can't convert non-string with explicit base",)
2020-06-05 17:05:47,642:DEBUG:<class 'TypeError'>:("int() can't convert non-string with explicit base",)
2020-06-05 17:05:47,642:DEBUG:<class 'TypeError'>:("int() can't convert non-string with explicit base",)
2020-06-05 17:05:47,643:DEBUG:<class 'ValueError'>:("invalid literal for int() with base 2: '0x1'",)
2020-06-05 17:05:47,643:DEBUG:<class 'ValueError'>:("invalid literal for int() with base 8: '0x1'",)
2020-06-05 17:05:47,643:DEBUG:<class 'ValueError'>:("invalid literal for int() with base 10: '0x1'",)
2020-06-05 17:05:47,643:DEBUG:<class 'TypeError'>:("int() can't convert non-string with explicit base",)
2020-06-05 17:05:47,643:DEBUG:<class 'TypeError'>:("int() can't convert non-string with explicit base",)
2020-06-05 17:05:47,643:DEBUG:<class 'TypeError'>:("int() can't convert non-string with explicit base",)
2020-06-05 17:05:47,643:DEBUG:<class 'TypeError'>:("int() can't convert non-string with explicit base",)
2020-06-05 17:05:47,643:DEBUG:<class 'TypeError'>:("int() can't convert non-string with explicit base",)
2020-06-05 17:05:47,643:DEBUG:<class 'TypeError'>:("int() can't convert non-string with explicit base",)
2020-06-05 17:05:47,644:DEBUG:<class 'TypeError'>:("int() can't convert non-string with explicit base",)
2020-06-05 17:05:47,644:DEBUG:<class 'TypeError'>:("int() can't convert non-string with explicit base",)
2020-06-05 17:05:47,644:DEBUG:<class 'TypeError'>:("int() can't convert non-string with explicit base",)
2020-06-05 17:05:47,644:DEBUG:<class 'TypeError'>:("int() can't convert non-string with explicit base",)
2020-06-05 17:05:47,644:DEBUG:<class 'TypeError'>:("int() can't convert non-string with explicit base",)
2020-06-05 17:05:47,644:DEBUG:<class 'TypeError'>:("int() can't convert non-string with explicit base",)
2020-06-05 17:12:33,819:DEBUG:<class 'ValueError'>:("invalid literal for int() with base 8: '0b1'",)
2020-06-05 17:12:33,821:DEBUG:<class 'ValueError'>:("invalid literal for int() with base 10: '0b1'",)
2020-06-05 17:12:33,821:DEBUG:<class 'ValueError'>:("invalid literal for int() with base 2: '0o1'",)
2020-06-05 17:12:33,822:DEBUG:<class 'ValueError'>:("invalid literal for int() with base 10: '0o1'",)
2020-06-05 17:12:33,822:DEBUG:<class 'ValueError'>:("invalid literal for int() with base 16: '0o1'",)
2020-06-05 17:12:33,822:DEBUG:<class 'TypeError'>:("int() can't convert non-string with explicit base",)
2020-06-05 17:12:33,822:DEBUG:<class 'TypeError'>:("int() can't convert non-string with explicit base",)
2020-06-05 17:12:33,822:DEBUG:<class 'TypeError'>:("int() can't convert non-string with explicit base",)
2020-06-05 17:12:33,822:DEBUG:<class 'ValueError'>:("invalid literal for int() with base 2: '0x1'",)
2020-06-05 17:12:33,822:DEBUG:<class 'ValueError'>:("invalid literal for int() with base 8: '0x1'",)
2020-06-05 17:12:33,823:DEBUG:<class 'ValueError'>:("invalid literal for int() with base 10: '0x1'",)
2020-06-05 17:12:33,823:DEBUG:<class 'TypeError'>:("int() can't convert non-string with explicit base",)
2020-06-05 17:12:33,823:DEBUG:<class 'TypeError'>:("int() can't convert non-string with explicit base",)
2020-06-05 17:12:33,823:DEBUG:<class 'TypeError'>:("int() can't convert non-string with explicit base",)
2020-06-05 17:12:33,823:DEBUG:<class 'TypeError'>:("int() can't convert non-string with explicit base",)
2020-06-05 17:12:33,823:DEBUG:<class 'TypeError'>:("int() can't convert non-string with explicit base",)
2020-06-05 17:12:33,824:DEBUG:<class 'TypeError'>:("int() can't convert non-string with explicit base",)
2020-06-05 17:12:33,824:DEBUG:<class 'TypeError'>:("int() can't convert non-string with explicit base",)
2020-06-05 17:12:33,824:DEBUG:<class 'TypeError'>:("int() can't convert non-string with explicit base",)
2020-06-05 17:12:33,824:DEBUG:<class 'TypeError'>:("int() can't convert non-string with explicit base",)
2020-06-05 17:12:33,824:DEBUG:<class 'TypeError'>:("int() can't convert non-string with explicit base",)
2020-06-05 17:12:33,824:DEBUG:<class 'TypeError'>:("int() can't convert non-string with explicit base",)
2020-06-05 17:12:33,825:DEBUG:<class 'TypeError'>:("int() can't convert non-string with explicit base",)
2020-06-05 17:13:19,247:DEBUG:<class 'ValueError'>:("invalid literal for int() with base 8: '0b1'",)
2020-06-05 17:13:19,247:DEBUG:<class 'ValueError'>:("invalid literal for int() with base 10: '0b1'",)
2020-06-05 17:13:19,247:DEBUG:<class 'ValueError'>:("invalid literal for int() with base 2: '0o1'",)
2020-06-05 17:13:19,247:DEBUG:<class 'ValueError'>:("invalid literal for int() with base 10: '0o1'",)
2020-06-05 17:13:19,247:DEBUG:<class 'ValueError'>:("invalid literal for int() with base 16: '0o1'",)
2020-06-05 17:13:19,247:DEBUG:<class 'TypeError'>:("int() can't convert non-string with explicit base",)
2020-06-05 17:13:19,247:DEBUG:<class 'TypeError'>:("int() can't convert non-string with explicit base",)
2020-06-05 17:13:19,247:DEBUG:<class 'TypeError'>:("int() can't convert non-string with explicit base",)
2020-06-05 17:13:19,248:DEBUG:<class 'ValueError'>:("invalid literal for int() with base 2: '0x1'",)
2020-06-05 17:13:19,248:DEBUG:<class 'ValueError'>:("invalid literal for int() with base 8: '0x1'",)
2020-06-05 17:13:19,248:DEBUG:<class 'ValueError'>:("invalid literal for int() with base 10: '0x1'",)
2020-06-05 17:13:19,248:DEBUG:<class 'TypeError'>:("int() can't convert non-string with explicit base",)
2020-06-05 17:13:19,248:DEBUG:<class 'TypeError'>:("int() can't convert non-string with explicit base",)
2020-06-05 17:13:19,248:DEBUG:<class 'TypeError'>:("int() can't convert non-string with explicit base",)
2020-06-05 17:13:19,248:DEBUG:<class 'TypeError'>:("int() can't convert non-string with explicit base",)
2020-06-05 17:13:19,249:DEBUG:<class 'TypeError'>:("int() can't convert non-string with explicit base",)
2020-06-05 17:13:19,249:DEBUG:<class 'TypeError'>:("int() can't convert non-string with explicit base",)
2020-06-05 17:13:19,249:DEBUG:<class 'TypeError'>:("int() can't convert non-string with explicit base",)
2020-06-05 17:13:19,249:DEBUG:<class 'TypeError'>:("int() can't convert non-string with explicit base",)
2020-06-05 17:13:19,249:DEBUG:<class 'TypeError'>:("int() can't convert non-string with explicit base",)
2020-06-05 17:13:19,249:DEBUG:<class 'TypeError'>:("int() can't convert non-string with explicit base",)
2020-06-05 17:13:19,249:DEBUG:<class 'TypeError'>:("int() can't convert non-string with explicit base",)
2020-06-05 17:13:19,249:DEBUG:<class 'TypeError'>:("int() can't convert non-string with explicit base",)
2020-06-05 17:23:19,882:DEBUG:<class 'ValueError'>:("invalid literal for int() with base 8: '0b0'",)
2020-06-05 17:23:19,883:DEBUG:<class 'ValueError'>:("invalid literal for int() with base 10: '0b0'",)
2020-06-05 17:23:19,883:DEBUG:<class 'ValueError'>:("invalid literal for int() with base 2: '0o0'",)
2020-06-05 17:23:19,883:DEBUG:<class 'ValueError'>:("invalid literal for int() with base 10: '0o0'",)
2020-06-05 17:23:19,883:DEBUG:<class 'ValueError'>:("invalid literal for int() with base 16: '0o0'",)
2020-06-05 17:23:19,883:DEBUG:<class 'TypeError'>:("int() can't convert non-string with explicit base",)
2020-06-05 17:23:19,883:DEBUG:<class 'TypeError'>:("int() can't convert non-string with explicit base",)
2020-06-05 17:23:19,884:DEBUG:<class 'TypeError'>:("int() can't convert non-string with explicit base",)
2020-06-05 17:23:19,884:DEBUG:<class 'ValueError'>:("invalid literal for int() with base 2: '0x0'",)
2020-06-05 17:23:19,884:DEBUG:<class 'ValueError'>:("invalid literal for int() with base 8: '0x0'",)
2020-06-05 17:23:19,884:DEBUG:<class 'ValueError'>:("invalid literal for int() with base 10: '0x0'",)
2020-06-05 17:23:19,884:DEBUG:<class 'TypeError'>:("int() can't convert non-string with explicit base",)
2020-06-05 17:23:19,884:DEBUG:<class 'TypeError'>:("int() can't convert non-string with explicit base",)
2020-06-05 17:23:19,884:DEBUG:<class 'TypeError'>:("int() can't convert non-string with explicit base",)
2020-06-05 17:23:19,884:DEBUG:<class 'TypeError'>:("int() can't convert non-string with explicit base",)
2020-06-05 17:23:19,884:DEBUG:<class 'TypeError'>:("int() can't convert non-string with explicit base",)
2020-06-05 17:23:19,885:DEBUG:<class 'TypeError'>:("int() can't convert non-string with explicit base",)
2020-06-05 17:23:19,885:DEBUG:<class 'TypeError'>:("int() can't convert non-string with explicit base",)
2020-06-05 17:23:19,885:DEBUG:<class 'TypeError'>:("int() can't convert non-string with explicit base",)
2020-06-05 17:23:19,885:DEBUG:<class 'TypeError'>:("int() can't convert non-string with explicit base",)
2020-06-05 17:23:19,885:DEBUG:<class 'TypeError'>:("int() can't convert non-string with explicit base",)
2020-06-05 17:23:19,885:DEBUG:<class 'TypeError'>:("int() can't convert non-string with explicit base",)
2020-06-05 17:23:19,885:DEBUG:<class 'TypeError'>:("int() can't convert non-string with explicit base",)
2020-06-05 17:30:34,780:DEBUG:<class 'ValueError'>:("invalid literal for int() with base 8: '0b0'",)
2020-06-05 17:30:34,780:DEBUG:<class 'ValueError'>:("invalid literal for int() with base 10: '0b0'",)
2020-06-05 17:30:34,780:DEBUG:<class 'ValueError'>:("invalid literal for int() with base 2: '0o0'",)
2020-06-05 17:30:34,781:DEBUG:<class 'ValueError'>:("invalid literal for int() with base 10: '0o0'",)
2020-06-05 17:30:34,782:DEBUG:<class 'ValueError'>:("invalid literal for int() with base 16: '0o0'",)
2020-06-05 17:30:34,782:DEBUG:<class 'TypeError'>:("int() can't convert non-string with explicit base",)
2020-06-05 17:30:34,782:DEBUG:<class 'TypeError'>:("int() can't convert non-string with explicit base",)
2020-06-05 17:30:34,782:DEBUG:<class 'TypeError'>:("int() can't convert non-string with explicit base",)
2020-06-05 17:30:34,782:DEBUG:<class 'ValueError'>:("invalid literal for int() with base 2: '0x0'",)
2020-06-05 17:30:34,782:DEBUG:<class 'ValueError'>:("invalid literal for int() with base 8: '0x0'",)
2020-06-05 17:30:34,782:DEBUG:<class 'ValueError'>:("invalid literal for int() with base 10: '0x0'",)
2020-06-05 17:30:34,782:DEBUG:<class 'TypeError'>:("int() can't convert non-string with explicit base",)
2020-06-05 17:30:34,783:DEBUG:<class 'TypeError'>:("int() can't convert non-string with explicit base",)
2020-06-05 17:30:34,783:DEBUG:<class 'TypeError'>:("int() can't convert non-string with explicit base",)
2020-06-05 17:30:34,783:DEBUG:<class 'TypeError'>:("int() can't convert non-string with explicit base",)
2020-06-05 17:30:34,783:DEBUG:<class 'TypeError'>:("int() can't convert non-string with explicit base",)
2020-06-05 17:30:34,783:DEBUG:<class 'TypeError'>:("int() can't convert non-string with explicit base",)
2020-06-05 17:30:34,783:DEBUG:<class 'TypeError'>:("int() can't convert non-string with explicit base",)
2020-06-05 17:30:34,783:DEBUG:<class 'TypeError'>:("int() can't convert non-string with explicit base",)
2020-06-05 17:30:34,783:DEBUG:<class 'TypeError'>:("int() can't convert non-string with explicit base",)
2020-06-05 17:30:34,783:DEBUG:<class 'TypeError'>:("int() can't convert non-string with explicit base",)
2020-06-05 17:30:34,783:DEBUG:<class 'TypeError'>:("int() can't convert non-string with explicit base",)
2020-06-05 17:30:34,783:DEBUG:<class 'TypeError'>:("int() can't convert non-string with explicit base",)
2020-06-05 17:31:11,030:DEBUG:<class 'ValueError'>:("invalid literal for int() with base 8: '0b0'",)
2020-06-05 17:31:11,031:DEBUG:<class 'ValueError'>:("invalid literal for int() with base 10: '0b0'",)
2020-06-05 17:31:11,031:DEBUG:<class 'ValueError'>:("invalid literal for int() with base 2: '0o0'",)
2020-06-05 17:31:11,031:DEBUG:<class 'ValueError'>:("invalid literal for int() with base 10: '0o0'",)
2020-06-05 17:31:11,032:DEBUG:<class 'ValueError'>:("invalid literal for int() with base 16: '0o0'",)
2020-06-05 17:31:11,032:DEBUG:<class 'TypeError'>:("int() can't convert non-string with explicit base",)
2020-06-05 17:31:11,032:DEBUG:<class 'TypeError'>:("int() can't convert non-string with explicit base",)
2020-06-05 17:31:11,032:DEBUG:<class 'TypeError'>:("int() can't convert non-string with explicit base",)
2020-06-05 17:31:11,032:DEBUG:<class 'ValueError'>:("invalid literal for int() with base 2: '0x0'",)
2020-06-05 17:31:11,033:DEBUG:<class 'ValueError'>:("invalid literal for int() with base 8: '0x0'",)
2020-06-05 17:31:11,033:DEBUG:<class 'ValueError'>:("invalid literal for int() with base 10: '0x0'",)
2020-06-05 17:31:11,033:DEBUG:<class 'TypeError'>:("int() can't convert non-string with explicit base",)
2020-06-05 17:31:11,033:DEBUG:<class 'TypeError'>:("int() can't convert non-string with explicit base",)
2020-06-05 17:31:11,033:DEBUG:<class 'TypeError'>:("int() can't convert non-string with explicit base",)
2020-06-05 17:31:11,033:DEBUG:<class 'TypeError'>:("int() can't convert non-string with explicit base",)
2020-06-05 17:31:11,033:DEBUG:<class 'TypeError'>:("int() can't convert non-string with explicit base",)
2020-06-05 17:31:11,033:DEBUG:<class 'TypeError'>:("int() can't convert non-string with explicit base",)
2020-06-05 17:31:11,033:DEBUG:<class 'TypeError'>:("int() can't convert non-string with explicit base",)
2020-06-05 17:31:11,033:DEBUG:<class 'TypeError'>:("int() can't convert non-string with explicit base",)
2020-06-05 17:31:11,034:DEBUG:<class 'TypeError'>:("int() can't convert non-string with explicit base",)
2020-06-05 17:31:11,034:DEBUG:<class 'TypeError'>:("int() can't convert non-string with explicit base",)
2020-06-05 17:31:11,034:DEBUG:<class 'TypeError'>:("int() can't convert non-string with explicit base",)
2020-06-05 17:31:11,034:DEBUG:<class 'TypeError'>:("int() can't convert non-string with explicit base",)
2020-06-08 17:40:46,319:DEBUG:<class 'TypeError'>:("int() can't convert non-string with explicit base",)
2020-06-08 17:40:46,320:DEBUG:<class 'TypeError'>:("int() can't convert non-string with explicit base",)
2020-06-08 17:40:46,320:DEBUG:<class 'TypeError'>:("int() can't convert non-string with explicit base",)
2020-06-08 17:42:41,590:DEBUG:<class 'TypeError'>:("int() can't convert non-string with explicit base",)
2020-06-08 17:42:41,591:DEBUG:<class 'TypeError'>:("int() can't convert non-string with explicit base",)
2020-06-08 17:42:41,591:DEBUG:<class 'TypeError'>:("int() can't convert non-string with explicit base",)
